#
# There is insufficient memory for the Java Runtime Environment to continue.
# Native memory allocation (malloc) failed to allocate 205376 bytes for Chunk::new
# Possible reasons:
#   The system is out of physical RAM or swap space
#   In 32 bit mode, the process size limit was hit
# Possible solutions:
#   Reduce memory load on the system
#   Increase physical memory or swap space
#   Check if swap backing store is full
#   Use 64 bit Java on a 64 bit OS
#   Decrease Java heap size (-Xmx/-Xms)
#   Decrease number of Java threads
#   Decrease Java thread stack sizes (-Xss)
#   Set larger code cache with -XX:ReservedCodeCacheSize=
# This output file may be truncated or incomplete.
#
#  Out of Memory Error (allocation.cpp:390), pid=36680, tid=33128
#
# JRE version: Java(TM) SE Runtime Environment (8.0_51-b16) (build 1.8.0_51-b16)
# Java VM: Java HotSpot(TM) 64-Bit Server VM (25.51-b03 mixed mode windows-amd64 compressed oops)
# Failed to write core dump. Minidumps are not enabled by default on client versions of Windows
#

---------------  T H R E A D  ---------------

Current thread (0x0000000015a72000):  JavaThread "C2 CompilerThread0" daemon [_thread_in_native, id=33128, stack(0x00000000170b0000,0x00000000171b0000)]

Stack: [0x00000000170b0000,0x00000000171b0000]
Native frames: (J=compiled Java code, j=interpreted, Vv=VM code, C=native code)
V  [jvm.dll+0x32b4ca]
V  [jvm.dll+0x2797e3]
V  [jvm.dll+0x27a479]
V  [jvm.dll+0x271765]
V  [jvm.dll+0xcba02]
V  [jvm.dll+0xcbecc]
V  [jvm.dll+0x476f72]
V  [jvm.dll+0x4b95ff]
V  [jvm.dll+0x46b9bf]
V  [jvm.dll+0x46cd4e]
V  [jvm.dll+0x4501a2]
V  [jvm.dll+0xa43a2]
V  [jvm.dll+0xa4cdf]
V  [jvm.dll+0x2418a4]
V  [jvm.dll+0x29846a]
C  [msvcr100.dll+0x21d9f]
C  [msvcr100.dll+0x21e3b]
C  [KERNEL32.DLL+0x12774]
C  [ntdll.dll+0x70d51]


Current CompileTask:
C2:   4333  906       4       com.android.dx.ssa.NormalSsaInsn::mapSourceRegisters (48 bytes)


---------------  P R O C E S S  ---------------

Java Threads: ( => current thread )
  0x0000000018034800 JavaThread "pool-2-thread-4" [_thread_blocked, id=39056, stack(0x00000000185b0000,0x00000000186b0000)]
  0x0000000017593800 JavaThread "pool-2-thread-3" [_thread_blocked, id=37240, stack(0x0000000017cb0000,0x0000000017db0000)]
  0x0000000017358800 JavaThread "pool-2-thread-2" [_thread_blocked, id=37668, stack(0x0000000017bb0000,0x0000000017cb0000)]
  0x000000001733d800 JavaThread "pool-3-thread-1" [_thread_blocked, id=32132, stack(0x0000000017ab0000,0x0000000017bb0000)]
  0x000000001732a800 JavaThread "pool-2-thread-1" [_thread_blocked, id=39564, stack(0x00000000179b0000,0x0000000017ab0000)]
  0x000000001721b800 JavaThread "Service Thread" daemon [_thread_blocked, id=21240, stack(0x00000000177b0000,0x00000000178b0000)]
  0x0000000017214800 JavaThread "C1 CompilerThread2" daemon [_thread_blocked, id=40120, stack(0x00000000176b0000,0x00000000177b0000)]
  0x00000000171b1000 JavaThread "C2 CompilerThread1" daemon [_thread_blocked, id=35908, stack(0x00000000175b0000,0x00000000176b0000)]
=>0x0000000015a72000 JavaThread "C2 CompilerThread0" daemon [_thread_in_native, id=33128, stack(0x00000000170b0000,0x00000000171b0000)]
  0x0000000015a6f800 JavaThread "Attach Listener" daemon [_thread_blocked, id=29432, stack(0x0000000016fb0000,0x00000000170b0000)]
  0x0000000015abe800 JavaThread "Signal Dispatcher" daemon [_thread_blocked, id=39876, stack(0x0000000016eb0000,0x0000000016fb0000)]
  0x0000000003382000 JavaThread "Finalizer" daemon [_thread_blocked, id=22076, stack(0x0000000016cb0000,0x0000000016db0000)]
  0x000000000337f000 JavaThread "Reference Handler" daemon [_thread_blocked, id=40824, stack(0x0000000016bb0000,0x0000000016cb0000)]
  0x00000000014de000 JavaThread "main" [_thread_in_native, id=39028, stack(0x00000000014e0000,0x00000000015e0000)]

Other Threads:
  0x0000000015a28000 VMThread [stack: 0x0000000016ab0000,0x0000000016bb0000] [id=40516]
  0x000000001721d800 WatcherThread [stack: 0x00000000178b0000,0x00000000179b0000] [id=34172]

VM state:not at safepoint (normal execution)

VM Mutex/Monitor currently owned by a thread: None

Heap:
 PSYoungGen      total 38400K, used 20678K [0x00000000eab00000, 0x00000000ed580000, 0x0000000100000000)
  eden space 33280K, 62% used [0x00000000eab00000,0x00000000ebf31908,0x00000000ecb80000)
  from space 5120K, 0% used [0x00000000ed080000,0x00000000ed080000,0x00000000ed580000)
  to   space 5120K, 0% used [0x00000000ecb80000,0x00000000ecb80000,0x00000000ed080000)
 ParOldGen       total 87552K, used 0K [0x00000000c0000000, 0x00000000c5580000, 0x00000000eab00000)
  object space 87552K, 0% used [0x00000000c0000000,0x00000000c0000000,0x00000000c5580000)
 Metaspace       used 5823K, capacity 6832K, committed 7040K, reserved 1056768K
  class space    used 586K, capacity 616K, committed 640K, reserved 1048576K

Card table byte_map: [0x0000000012750000,0x0000000012960000] byte_map_base: 0x0000000012150000

Marking Bits: (ParMarkBitMap*) 0x0000000077734040
 Begin Bits: [0x0000000012ec0000, 0x0000000013ec0000)
 End Bits:   [0x0000000013ec0000, 0x0000000014ec0000)

Polling page: 0x00000000011a0000

CodeCache: size=245760Kb used=4102Kb max_used=4115Kb free=241657Kb
 bounds [0x0000000003390000, 0x00000000037a0000, 0x0000000012390000]
 total_blobs=1280 nmethods=1009 adapters=184
 compilation: enabled

Compilation events (10 events):
Event: 3.589 Thread 0x0000000017214800  899       3       com.android.dx.cf.direct.AttributeListParser::<init> (83 bytes)
Event: 3.590 Thread 0x0000000017214800 nmethod 899 0x000000000370e110 code [0x000000000370e300, 0x000000000370ead8]
Event: 3.590 Thread 0x0000000017214800  900       3       com.android.dx.cf.iface.StdAttributeList::<init> (6 bytes)
Event: 3.590 Thread 0x0000000017214800 nmethod 900 0x00000000036fd510 code [0x00000000036fd680, 0x00000000036fd808]
Event: 3.590 Thread 0x0000000017214800  901       3       com.android.dx.cf.direct.AttributeListParser::setObserver (6 bytes)
Event: 3.590 Thread 0x0000000017214800 nmethod 901 0x0000000003703ed0 code [0x0000000003704020, 0x0000000003704190]
Event: 3.590 Thread 0x0000000017214800  902       3       com.android.dx.cf.direct.AttributeListParser::getEndOffset (9 bytes)
Event: 3.590 Thread 0x0000000017214800 nmethod 902 0x0000000003703a50 code [0x0000000003703bc0, 0x0000000003703e08]
Event: 3.590 Thread 0x0000000017214800  905   !   3       com.android.dx.cf.code.Ropper::processBlock (1101 bytes)
Event: 3.591 Thread 0x0000000015a72000  906       4       com.android.dx.ssa.NormalSsaInsn::mapSourceRegisters (48 bytes)

GC Heap History (0 events):
No events

Deoptimization events (1 events):
Event: 2.525 Thread 0x0000000017358800 Uncommon trap: reason=unstable_if action=reinterpret pc=0x0000000003563184 method=java.util.HashMap.getNode(ILjava/lang/Object;)Ljava/util/HashMap$Node; @ 129

Internal exceptions (2 events):
Event: 1.710 Thread 0x00000000014de000 Exception <a 'java/lang/NoSuchMethodError': Method sun.misc.Unsafe.defineClass(Ljava/lang/String;[BII)Ljava/lang/Class; name or signature does not match> (0x00000000eab12f08) thrown at [C:\re\workspace\8-2-build-windows-amd64-cygwin\jdk8u51\3951\hotspot\sr–þàŠ«[û?
Event: 1.710 Thread 0x00000000014de000 Exception <a 'java/lang/NoSuchMethodError': Method sun.misc.Unsafe.prefetchRead(Ljava/lang/Object;J)V name or signature does not match> (0x00000000eab13198) thrown at [C:\re\workspace\8-2-build-windows-amd64-cygwin\jdk8u51\3951\hotspot\src\share\vm\prims\j

Events (10 events):
Event: 2.520 loading class java/util/DualPivotQuicksort
Event: 2.520 loading class java/util/DualPivotQuicksort done
Event: 2.525 Thread 0x0000000017358800 Uncommon trap: trap_request=0xffffff65 fr.pc=0x0000000003563184
Event: 2.525 Thread 0x0000000017358800 DEOPT PACKING pc=0x0000000003563184 sp=0x0000000017cae970
Event: 2.525 Thread 0x0000000017358800 DEOPT UNPACKING pc=0x00000000033d582a sp=0x0000000017cae8f8 mode 2
Event: 2.589 Thread 0x0000000018034800 Thread added: 0x0000000018034800
Event: 2.785 loading class java/util/ArrayList$1
Event: 2.785 loading class java/util/ArrayList$1 done
Event: 3.002 Executing VM operation: ForceSafepoint
Event: 3.002 Executing VM operation: ForceSafepoint done


Dynamic libraries:
0x00007ff620ba0000 - 0x00007ff620bd7000 	C:\Program Files\Java\jdk1.8.0_51\bin\java.exe
0x00007ffff3820000 - 0x00007ffff39fb000 	C:\WINDOWS\SYSTEM32\ntdll.dll
0x00007ffff3310000 - 0x00007ffff33be000 	C:\WINDOWS\System32\KERNEL32.DLL
0x00007fffefd40000 - 0x00007fffeff89000 	C:\WINDOWS\System32\KERNELBASE.dll
0x00007ffff3710000 - 0x00007ffff37b1000 	C:\WINDOWS\System32\ADVAPI32.dll
0x00007ffff1870000 - 0x00007ffff190d000 	C:\WINDOWS\System32\msvcrt.dll
0x00007ffff32b0000 - 0x00007ffff3309000 	C:\WINDOWS\System32\sechost.dll
0x00007ffff1a80000 - 0x00007ffff1ba5000 	C:\WINDOWS\System32\RPCRT4.dll
0x00007ffff11c0000 - 0x00007ffff130a000 	C:\WINDOWS\System32\USER32.dll
0x00007ffff0d60000 - 0x00007ffff0d7e000 	C:\WINDOWS\System32\win32u.dll
0x00007ffff1a20000 - 0x00007ffff1a47000 	C:\WINDOWS\System32\GDI32.dll
0x00007ffff0690000 - 0x00007ffff0818000 	C:\WINDOWS\System32\gdi32full.dll
0x00007ffff0cc0000 - 0x00007ffff0d5a000 	C:\WINDOWS\System32\msvcp_win.dll
0x00007ffff0940000 - 0x00007ffff0a36000 	C:\WINDOWS\System32\ucrtbase.dll
0x00007fffe49a0000 - 0x00007fffe4c07000 	C:\WINDOWS\WinSxS\amd64_microsoft.windows.common-controls_6595b64144ccf1df_6.0.15063.483_none_26002d27e7c744a2\COMCTL32.dll
0x00007ffff1310000 - 0x00007ffff1609000 	C:\WINDOWS\System32\combase.dll
0x00007ffff0880000 - 0x00007ffff08ea000 	C:\WINDOWS\System32\bcryptPrimitives.dll
0x00007ffff1a50000 - 0x00007ffff1a7d000 	C:\WINDOWS\System32\IMM32.DLL
0x00000000528d0000 - 0x00000000529a2000 	C:\Program Files\Java\jdk1.8.0_51\jre\bin\msvcr100.dll
0x0000000076f30000 - 0x00000000777b3000 	C:\Program Files\Java\jdk1.8.0_51\jre\bin\server\jvm.dll
0x00007ffff1830000 - 0x00007ffff1838000 	C:\WINDOWS\System32\PSAPI.DLL
0x00007fffe31a0000 - 0x00007fffe31a9000 	C:\WINDOWS\SYSTEM32\WSOCK32.dll
0x00007ffff36a0000 - 0x00007ffff370c000 	C:\WINDOWS\System32\WS2_32.dll
0x00007fffe7970000 - 0x00007fffe7993000 	C:\WINDOWS\SYSTEM32\WINMM.dll
0x00007fffe79a0000 - 0x00007fffe79aa000 	C:\WINDOWS\SYSTEM32\VERSION.dll
0x00007fffe77e0000 - 0x00007fffe780b000 	C:\WINDOWS\SYSTEM32\WINMMBASE.dll
0x00007ffff08f0000 - 0x00007ffff0939000 	C:\WINDOWS\System32\cfgmgr32.dll
0x00000000528c0000 - 0x00000000528cf000 	C:\Program Files\Java\jdk1.8.0_51\jre\bin\verify.dll
0x0000000052890000 - 0x00000000528b9000 	C:\Program Files\Java\jdk1.8.0_51\jre\bin\java.dll
0x0000000052870000 - 0x0000000052886000 	C:\Program Files\Java\jdk1.8.0_51\jre\bin\zip.dll
0x00007ffff1bb0000 - 0x00007ffff2fe6000 	C:\WINDOWS\System32\SHELL32.dll
0x00007ffff33c0000 - 0x00007ffff346a000 	C:\WINDOWS\System32\shcore.dll
0x00007fffeff90000 - 0x00007ffff0683000 	C:\WINDOWS\System32\windows.storage.dll
0x00007ffff35d0000 - 0x00007ffff3621000 	C:\WINDOWS\System32\shlwapi.dll
0x00007fffefd20000 - 0x00007fffefd31000 	C:\WINDOWS\System32\kernel.appcore.dll
0x00007fffefcd0000 - 0x00007fffefd1c000 	C:\WINDOWS\System32\powrprof.dll
0x00007fffefcb0000 - 0x00007fffefcc5000 	C:\WINDOWS\System32\profapi.dll
0x00007fffef880000 - 0x00007fffefa29000 	C:\WINDOWS\SYSTEM32\dbghelp.dll

VM Arguments:
jvm_args: -Djava.awt.headless=true -Xmx1024M -Dfile.encoding=GBK -Duser.country=CN -Duser.language=zh -Duser.variant 
java_command: com.android.dx.command.Main --dex --force-jumbo --num-threads=4 --multi-dex --output D:\Android\AndroidStudioProjects\GestureLanucher\wear\build\intermediates\transforms\dex\debug\folders\1000\5\slice_5 D:\Android\AndroidStudioProjects\GestureLanucher\wear\build\intermediates\transforms\instantRunSlicer\debug\folders\1\5\slice_5
java_class_path (initial): D:\Android\sdk\build-tools\26.0.0\lib\dx.jar
Launcher Type: SUN_STANDARD

Environment Variables:
JAVA_HOME=C:\Program Files\Java\jdk1.8.0_51
CLASSPATH=.;C:\Program Files\Java\jdk1.8.0_51\lib\dt.jar;C:\Program Files\Java\jdk1.8.0_51\lib\tools.jar;
PATH=D:\MentorGraphics\9.5PADS\SDD_HOME\common\win32\bin;D:\MentorGraphics\9.5PADS\SDD_HOME\common\win32\lib;D:\MentorGraphics\9.5PADS\MGC_HOME.ixn\bin;D:\MentorGraphics\9.5PADS\MGC_HOME.ixn\lib;C:\WINDOWS\system32;C:\WINDOWS;C:\WINDOWS\System32\Wbem;C:\Program Files\Java\jdk1.8.0_51\bin;C:\Users\×Óºã\AppData\Local\Programs\Python\Python36\Scripts\;C:\Users\×Óºã\AppData\Local\Programs\Python\Python36\;C:\Program Files\Intel\WiFi\bin\;C:\Program Files\Common Files\Intel\WirelessCommon\;C:\Users\×Óºã\AppData\Local\Microsoft\WindowsApps;D:\MentorGraphics\9.5PADS\SDD_HOME\common\win32\lib;
USERNAME=×Óºã
OS=Windows_NT
PROCESSOR_IDENTIFIER=Intel64 Family 6 Model 58 Stepping 9, GenuineIntel



---------------  S Y S T E M  ---------------

OS: Windows 10.0 , 64 bit Build 15063 (10.0.15063.296)

CPU:total 4 (2 cores per cpu, 2 threads per core) family 6 model 58 stepping 9, cmov, cx8, fxsr, mmx, sse, sse2, sse3, ssse3, sse4.1, sse4.2, popcnt, avx, aes, clmul, erms, ht, tsc, tscinvbit, tscinv

Memory: 4k page, physical 8285464k(1649580k free), swap 12479768k(192064k free)

vm_info: Java HotSpot(TM) 64-Bit Server VM (25.51-b03) for windows-amd64 JRE (1.8.0_51-b16), built on Jun  8 2015 18:03:07 by "java_re" with MS VC++ 10.0 (VS2010)

time: Fri Oct 13 01:41:25 2017
elapsed time: 4 seconds (0d 0h 0m 4s)

