#
# There is insufficient memory for the Java Runtime Environment to continue.
# Native memory allocation (malloc) failed to allocate 38704 bytes for Chunk::new
# Possible reasons:
#   The system is out of physical RAM or swap space
#   In 32 bit mode, the process size limit was hit
# Possible solutions:
#   Reduce memory load on the system
#   Increase physical memory or swap space
#   Check if swap backing store is full
#   Use 64 bit Java on a 64 bit OS
#   Decrease Java heap size (-Xmx/-Xms)
#   Decrease number of Java threads
#   Decrease Java thread stack sizes (-Xss)
#   Set larger code cache with -XX:ReservedCodeCacheSize=
# This output file may be truncated or incomplete.
#
#  Out of Memory Error (allocation.cpp:390), pid=57912, tid=53780
#
# JRE version: Java(TM) SE Runtime Environment (8.0_51-b16) (build 1.8.0_51-b16)
# Java VM: Java HotSpot(TM) 64-Bit Server VM (25.51-b03 mixed mode windows-amd64 compressed oops)
# Failed to write core dump. Minidumps are not enabled by default on client versions of Windows
#

---------------  T H R E A D  ---------------

Current thread (0x0000000016631000):  JavaThread "C2 CompilerThread1" daemon [_thread_in_native, id=53780, stack(0x0000000016b30000,0x0000000016c30000)]

Stack: [0x0000000016b30000,0x0000000016c30000]
Native frames: (J=compiled Java code, j=interpreted, Vv=VM code, C=native code)
V  [jvm.dll+0x32b4ca]
V  [jvm.dll+0x2797e3]
V  [jvm.dll+0x27a479]
V  [jvm.dll+0x271765]
V  [jvm.dll+0xcba02]
V  [jvm.dll+0xcbecc]
V  [jvm.dll+0x4643d2]
V  [jvm.dll+0x4d9460]
V  [jvm.dll+0x4dc08b]
V  [jvm.dll+0x46a5e1]
V  [jvm.dll+0x46cde2]
V  [jvm.dll+0x4501a2]
V  [jvm.dll+0xa43a2]
V  [jvm.dll+0xa4cdf]
V  [jvm.dll+0x2418a4]
V  [jvm.dll+0x29846a]
C  [msvcr100.dll+0x21d9f]
C  [msvcr100.dll+0x21e3b]
C  [KERNEL32.DLL+0x12774]
C  [ntdll.dll+0x70d51]


Current CompileTask:
C2:    383  278       4       java.lang.String::replace (127 bytes)


---------------  P R O C E S S  ---------------

Java Threads: ( => current thread )
  0x000000001691f000 JavaThread "pool-2-thread-4" [_thread_in_vm, id=28628, stack(0x0000000017330000,0x0000000017430000)]
  0x000000001691d800 JavaThread "pool-2-thread-3" [_thread_in_native_trans, id=55840, stack(0x0000000017230000,0x0000000017330000)]
  0x00000000167e4800 JavaThread "pool-2-thread-2" [_thread_blocked, id=55736, stack(0x0000000017130000,0x0000000017230000)]
  0x0000000016795000 JavaThread "pool-3-thread-1" [_thread_blocked, id=41280, stack(0x0000000017030000,0x0000000017130000)]
  0x0000000016798800 JavaThread "pool-2-thread-1" [_thread_blocked, id=53020, stack(0x0000000016f30000,0x0000000017030000)]
  0x00000000166ca000 JavaThread "Service Thread" daemon [_thread_blocked, id=52448, stack(0x0000000016d30000,0x0000000016e30000)]
  0x0000000016643000 JavaThread "C1 CompilerThread2" daemon [_thread_in_native, id=50512, stack(0x0000000016c30000,0x0000000016d30000)]
=>0x0000000016631000 JavaThread "C2 CompilerThread1" daemon [_thread_in_native, id=53780, stack(0x0000000016b30000,0x0000000016c30000)]
  0x0000000014fe1800 JavaThread "C2 CompilerThread0" daemon [_thread_in_native, id=54764, stack(0x0000000016a30000,0x0000000016b30000)]
  0x0000000014fe0000 JavaThread "Attach Listener" daemon [_thread_blocked, id=55520, stack(0x0000000016530000,0x0000000016630000)]
  0x000000001502e800 JavaThread "Signal Dispatcher" daemon [_thread_blocked, id=57184, stack(0x0000000016430000,0x0000000016530000)]
  0x00000000028c9800 JavaThread "Finalizer" daemon [_thread_blocked, id=58244, stack(0x0000000016220000,0x0000000016320000)]
  0x00000000028c0800 JavaThread "Reference Handler" daemon [_thread_blocked, id=57296, stack(0x0000000016120000,0x0000000016220000)]
  0x000000000269e000 JavaThread "main" [_thread_in_Java, id=32076, stack(0x00000000026b0000,0x00000000027b0000)]

Other Threads:
  0x0000000014f98000 VMThread [stack: 0x0000000016020000,0x0000000016120000] [id=58260]
  0x00000000166e3800 WatcherThread [stack: 0x0000000016e30000,0x0000000016f30000] [id=57528]

VM state:not at safepoint (normal execution)

VM Mutex/Monitor currently owned by a thread: None

Heap:
 PSYoungGen      total 38400K, used 11348K [0x00000000eab00000, 0x00000000ed580000, 0x0000000100000000)
  eden space 33280K, 34% used [0x00000000eab00000,0x00000000eb615328,0x00000000ecb80000)
  from space 5120K, 0% used [0x00000000ed080000,0x00000000ed080000,0x00000000ed580000)
  to   space 5120K, 0% used [0x00000000ecb80000,0x00000000ecb80000,0x00000000ed080000)
 ParOldGen       total 87552K, used 0K [0x00000000c0000000, 0x00000000c5580000, 0x00000000eab00000)
  object space 87552K, 0% used [0x00000000c0000000,0x00000000c0000000,0x00000000c5580000)
 Metaspace       used 4779K, capacity 5872K, committed 6016K, reserved 1056768K
  class space    used 520K, capacity 552K, committed 640K, reserved 1048576K

Card table byte_map: [0x0000000011ca0000,0x0000000011eb0000] byte_map_base: 0x00000000116a0000

Marking Bits: (ParMarkBitMap*) 0x000000006bcd4040
 Begin Bits: [0x0000000012410000, 0x0000000013410000)
 End Bits:   [0x0000000013410000, 0x0000000014410000)

Polling page: 0x00000000027b0000

CodeCache: size=245760Kb used=1661Kb max_used=1661Kb free=244098Kb
 bounds [0x00000000028e0000, 0x0000000002b50000, 0x00000000118e0000]
 total_blobs=549 nmethods=278 adapters=184
 compilation: enabled

Compilation events (10 events):
Event: 0.327 Thread 0x0000000016643000 nmethod 273 0x0000000002a7c210 code [0x0000000002a7c360, 0x0000000002a7c470]
Event: 0.327 Thread 0x0000000016643000  277       3       com.android.dx.util.IntList::add (65 bytes)
Event: 0.327 Thread 0x0000000016643000 nmethod 277 0x0000000002a7c4d0 code [0x0000000002a7c660, 0x0000000002a7cb18]
Event: 0.327 Thread 0x0000000016643000  275       1       com.android.dx.util.IntList::size (5 bytes)
Event: 0.327 Thread 0x0000000016643000 nmethod 275 0x0000000002a7cd10 code [0x0000000002a7ce60, 0x0000000002a7cf70]
Event: 0.327 Thread 0x0000000016643000  276       3       com.android.dx.util.Bits::get (25 bytes)
Event: 0.328 Thread 0x0000000016643000 nmethod 276 0x0000000002a7cfd0 code [0x0000000002a7d140, 0x0000000002a7d310]
Event: 0.328 Thread 0x0000000016643000  266       1       com.android.dx.cf.attrib.AttConstantValue::byteLength (3 bytes)
Event: 0.328 Thread 0x0000000016643000 nmethod 266 0x0000000002a7d410 code [0x0000000002a7d560, 0x0000000002a7d670]
Event: 0.329 Thread 0x0000000016631000  278       4       java.lang.String::replace (127 bytes)

GC Heap History (0 events):
No events

Deoptimization events (0 events):
No events

Internal exceptions (2 events):
Event: 0.054 Thread 0x000000000269e000 Exception <a 'java/lang/NoSuchMethodError': Method sun.misc.Unsafe.defineClass(Ljava/lang/String;[BII)Ljava/lang/Class; name or signature does not match> (0x00000000eab12f08) thrown at [C:\re\workspace\8-2-build-windows-amd64-cygwin\jdk8u51\3951\hotspot\srL$)ó§«?
Event: 0.054 Thread 0x000000000269e000 Exception <a 'java/lang/NoSuchMethodError': Method sun.misc.Unsafe.prefetchRead(Ljava/lang/Object;J)V name or signature does not match> (0x00000000eab13198) thrown at [C:\re\workspace\8-2-build-windows-amd64-cygwin\jdk8u51\3951\hotspot\src\share\vm\prims\j

Events (10 events):
Event: 0.326 loading class com/android/dx/cf/code/OneLocalsArray
Event: 0.326 loading class com/android/dx/cf/code/OneLocalsArray done
Event: 0.327 loading class com/android/dx/cf/code/LocalsArraySet
Event: 0.327 loading class com/android/dx/cf/code/LocalsArraySet done
Event: 0.328 loading class com/android/dx/cf/code/ExecutionStack
Event: 0.328 loading class com/android/dx/cf/code/ExecutionStack done
Event: 0.329 loading class com/android/dx/cf/code/Ropper$ExceptionSetupLabelAllocator
Event: 0.329 loading class com/android/dx/cf/code/Ropper$ExceptionSetupLabelAllocator done
Event: 0.330 loading class com/android/dx/cf/code/Ropper$LabelAllocator
Event: 0.330 loading class com/android/dx/cf/code/Ropper$LabelAllocator done


Dynamic libraries:
0x00007ff72ebb0000 - 0x00007ff72ebe7000 	C:\Program Files\Java\jdk1.8.0_51\bin\java.exe
0x00007ffe228a0000 - 0x00007ffe22a7b000 	C:\WINDOWS\SYSTEM32\ntdll.dll
0x00007ffe224f0000 - 0x00007ffe2259e000 	C:\WINDOWS\System32\KERNEL32.DLL
0x00007ffe1f270000 - 0x00007ffe1f4b9000 	C:\WINDOWS\System32\KERNELBASE.dll
0x00007ffe1ffa0000 - 0x00007ffe20041000 	C:\WINDOWS\System32\ADVAPI32.dll
0x00007ffe20570000 - 0x00007ffe2060d000 	C:\WINDOWS\System32\msvcrt.dll
0x00007ffe22490000 - 0x00007ffe224e9000 	C:\WINDOWS\System32\sechost.dll
0x00007ffe20140000 - 0x00007ffe20265000 	C:\WINDOWS\System32\RPCRT4.dll
0x00007ffe20270000 - 0x00007ffe203ba000 	C:\WINDOWS\System32\USER32.dll
0x00007ffe1f6e0000 - 0x00007ffe1f6fe000 	C:\WINDOWS\System32\win32u.dll
0x00007ffe21f50000 - 0x00007ffe21f77000 	C:\WINDOWS\System32\GDI32.dll
0x00007ffe1edc0000 - 0x00007ffe1ef48000 	C:\WINDOWS\System32\gdi32full.dll
0x00007ffe1f120000 - 0x00007ffe1f1ba000 	C:\WINDOWS\System32\msvcp_win.dll
0x00007ffe1f510000 - 0x00007ffe1f606000 	C:\WINDOWS\System32\ucrtbase.dll
0x00007ffe169f0000 - 0x00007ffe16c57000 	C:\WINDOWS\WinSxS\amd64_microsoft.windows.common-controls_6595b64144ccf1df_6.0.15063.483_none_26002d27e7c744a2\COMCTL32.dll
0x00007ffe225a0000 - 0x00007ffe22899000 	C:\WINDOWS\System32\combase.dll
0x00007ffe1f610000 - 0x00007ffe1f67a000 	C:\WINDOWS\System32\bcryptPrimitives.dll
0x00007ffe20100000 - 0x00007ffe2012d000 	C:\WINDOWS\System32\IMM32.DLL
0x000000006c1e0000 - 0x000000006c2b2000 	C:\Program Files\Java\jdk1.8.0_51\jre\bin\msvcr100.dll
0x000000006b4d0000 - 0x000000006bd53000 	C:\Program Files\Java\jdk1.8.0_51\jre\bin\server\jvm.dll
0x00007ffe200f0000 - 0x00007ffe200f8000 	C:\WINDOWS\System32\PSAPI.DLL
0x00007ffe148f0000 - 0x00007ffe148f9000 	C:\WINDOWS\SYSTEM32\WSOCK32.dll
0x00007ffe221a0000 - 0x00007ffe2220c000 	C:\WINDOWS\System32\WS2_32.dll
0x00007ffe176d0000 - 0x00007ffe176f3000 	C:\WINDOWS\SYSTEM32\WINMM.dll
0x00007ffe165f0000 - 0x00007ffe165fa000 	C:\WINDOWS\SYSTEM32\VERSION.dll
0x00007ffe17440000 - 0x00007ffe1746b000 	C:\WINDOWS\SYSTEM32\WINMMBASE.dll
0x00007ffe1f4c0000 - 0x00007ffe1f509000 	C:\WINDOWS\System32\cfgmgr32.dll
0x000000006c1d0000 - 0x000000006c1df000 	C:\Program Files\Java\jdk1.8.0_51\jre\bin\verify.dll
0x000000006c1a0000 - 0x000000006c1c9000 	C:\Program Files\Java\jdk1.8.0_51\jre\bin\java.dll
0x000000006c180000 - 0x000000006c196000 	C:\Program Files\Java\jdk1.8.0_51\jre\bin\zip.dll
0x00007ffe20b10000 - 0x00007ffe21f46000 	C:\WINDOWS\System32\SHELL32.dll
0x00007ffe22210000 - 0x00007ffe222ba000 	C:\WINDOWS\System32\shcore.dll
0x00007ffe1f700000 - 0x00007ffe1fdf3000 	C:\WINDOWS\System32\windows.storage.dll
0x00007ffe203c0000 - 0x00007ffe20411000 	C:\WINDOWS\System32\shlwapi.dll
0x00007ffe1eda0000 - 0x00007ffe1edb1000 	C:\WINDOWS\System32\kernel.appcore.dll
0x00007ffe1ed30000 - 0x00007ffe1ed7c000 	C:\WINDOWS\System32\powrprof.dll
0x00007ffe1ed80000 - 0x00007ffe1ed95000 	C:\WINDOWS\System32\profapi.dll
0x00007ffe12760000 - 0x00007ffe12909000 	C:\WINDOWS\SYSTEM32\dbghelp.dll

VM Arguments:
jvm_args: -Djava.awt.headless=true -Xmx1024M -Dfile.encoding=GBK -Duser.country=CN -Duser.language=zh -Duser.variant 
java_command: com.android.dx.command.Main --dex --force-jumbo --num-threads=4 --multi-dex --output D:\Android\AndroidStudioProjects\GestureLanucher\wear\build\intermediates\transforms\dex\debug\folders\1000\5\slice_3 D:\Android\AndroidStudioProjects\GestureLanucher\wear\build\intermediates\transforms\instantRunSlicer\debug\folders\1\5\slice_3
java_class_path (initial): D:\Android\sdk\build-tools\26.0.0\lib\dx.jar
Launcher Type: SUN_STANDARD

Environment Variables:
JAVA_HOME=C:\Program Files\Java\jdk1.8.0_51
CLASSPATH=.;C:\Program Files\Java\jdk1.8.0_51\lib\dt.jar;C:\Program Files\Java\jdk1.8.0_51\lib\tools.jar;
PATH=D:\MentorGraphics\9.5PADS\SDD_HOME\common\win32\bin;D:\MentorGraphics\9.5PADS\SDD_HOME\common\win32\lib;D:\MentorGraphics\9.5PADS\MGC_HOME.ixn\bin;D:\MentorGraphics\9.5PADS\MGC_HOME.ixn\lib;C:\WINDOWS\system32;C:\WINDOWS;C:\WINDOWS\System32\Wbem;C:\Program Files\Java\jdk1.8.0_51\bin;C:\Users\×Óºã\AppData\Local\Programs\Python\Python36\Scripts\;C:\Users\×Óºã\AppData\Local\Programs\Python\Python36\;C:\Program Files\Intel\WiFi\bin\;C:\Program Files\Common Files\Intel\WirelessCommon\;C:\Users\×Óºã\AppData\Local\Microsoft\WindowsApps;D:\MentorGraphics\9.5PADS\SDD_HOME\common\win32\lib;
USERNAME=×Óºã
OS=Windows_NT
PROCESSOR_IDENTIFIER=Intel64 Family 6 Model 58 Stepping 9, GenuineIntel



---------------  S Y S T E M  ---------------

OS: Windows 10.0 , 64 bit Build 15063 (10.0.15063.296)

CPU:total 4 (2 cores per cpu, 2 threads per core) family 6 model 58 stepping 9, cmov, cx8, fxsr, mmx, sse, sse2, sse3, ssse3, sse4.1, sse4.2, popcnt, avx, aes, clmul, erms, ht, tsc, tscinvbit, tscinv

Memory: 4k page, physical 8285464k(1215156k free), swap 12479768k(263916k free)

vm_info: Java HotSpot(TM) 64-Bit Server VM (25.51-b03) for windows-amd64 JRE (1.8.0_51-b16), built on Jun  8 2015 18:03:07 by "java_re" with MS VC++ 10.0 (VS2010)

time: Mon Oct 02 00:00:44 2017
elapsed time: 0 seconds (0d 0h 0m 0s)

