#
# There is insufficient memory for the Java Runtime Environment to continue.
# Native memory allocation (malloc) failed to allocate 59616 bytes for Chunk::new
# Possible reasons:
#   The system is out of physical RAM or swap space
#   In 32 bit mode, the process size limit was hit
# Possible solutions:
#   Reduce memory load on the system
#   Increase physical memory or swap space
#   Check if swap backing store is full
#   Use 64 bit Java on a 64 bit OS
#   Decrease Java heap size (-Xmx/-Xms)
#   Decrease number of Java threads
#   Decrease Java thread stack sizes (-Xss)
#   Set larger code cache with -XX:ReservedCodeCacheSize=
# This output file may be truncated or incomplete.
#
#  Out of Memory Error (allocation.cpp:390), pid=50156, tid=53092
#
# JRE version: Java(TM) SE Runtime Environment (8.0_51-b16) (build 1.8.0_51-b16)
# Java VM: Java HotSpot(TM) 64-Bit Server VM (25.51-b03 mixed mode windows-amd64 compressed oops)
# Failed to write core dump. Minidumps are not enabled by default on client versions of Windows
#

---------------  T H R E A D  ---------------

Current thread (0x000000001567f800):  JavaThread "C2 CompilerThread0" daemon [_thread_in_native, id=53092, stack(0x00000000170d0000,0x00000000171d0000)]

Stack: [0x00000000170d0000,0x00000000171d0000]
Native frames: (J=compiled Java code, j=interpreted, Vv=VM code, C=native code)
V  [jvm.dll+0x32b4ca]


Current CompileTask:
C2:   1628  610       4       java.util.HashMap::get (23 bytes)


---------------  P R O C E S S  ---------------

Java Threads: ( => current thread )
  0x0000000016d3c000 JavaThread "pool-2-thread-4" [_thread_in_Java, id=52656, stack(0x00000000179d0000,0x0000000017ad0000)]
  0x0000000016d3b800 JavaThread "pool-2-thread-3" [_thread_in_Java, id=52612, stack(0x00000000178d0000,0x00000000179d0000)]
  0x0000000016c66000 JavaThread "pool-2-thread-2" [_thread_in_Java, id=53212, stack(0x00000000177d0000,0x00000000178d0000)]
  0x0000000016c3d800 JavaThread "pool-3-thread-1" [_thread_blocked, id=49820, stack(0x00000000176d0000,0x00000000177d0000)]
  0x0000000016c3d000 JavaThread "pool-2-thread-1" [_thread_blocked, id=53152, stack(0x00000000175d0000,0x00000000176d0000)]
  0x0000000016b34000 JavaThread "Service Thread" daemon [_thread_blocked, id=52956, stack(0x00000000173d0000,0x00000000174d0000)]
  0x0000000016b2e800 JavaThread "C1 CompilerThread2" daemon [_thread_in_native, id=52316, stack(0x00000000172d0000,0x00000000173d0000)]
  0x0000000015681000 JavaThread "C2 CompilerThread1" daemon [_thread_in_native, id=52768, stack(0x00000000171d0000,0x00000000172d0000)]
=>0x000000001567f800 JavaThread "C2 CompilerThread0" daemon [_thread_in_native, id=53092, stack(0x00000000170d0000,0x00000000171d0000)]
  0x0000000016b12800 JavaThread "Attach Listener" daemon [_thread_blocked, id=53096, stack(0x0000000016fd0000,0x00000000170d0000)]
  0x000000001568c800 JavaThread "Signal Dispatcher" daemon [_thread_blocked, id=50340, stack(0x0000000016ed0000,0x0000000016fd0000)]
  0x0000000002f92000 JavaThread "Finalizer" daemon [_thread_blocked, id=49428, stack(0x00000000168d0000,0x00000000169d0000)]
  0x0000000002f8f000 JavaThread "Reference Handler" daemon [_thread_blocked, id=42132, stack(0x00000000167d0000,0x00000000168d0000)]
  0x0000000002a2e000 JavaThread "main" [_thread_blocked, id=49328, stack(0x0000000002a30000,0x0000000002b30000)]

Other Threads:
  0x0000000015638000 VMThread [stack: 0x00000000166d0000,0x00000000167d0000] [id=23892]
  0x0000000016b36000 WatcherThread [stack: 0x00000000174d0000,0x00000000175d0000] [id=52936]

VM state:not at safepoint (normal execution)

VM Mutex/Monitor currently owned by a thread: None

Heap:
 PSYoungGen      total 38400K, used 13622K [0x00000000eab00000, 0x00000000ed580000, 0x0000000100000000)
  eden space 33280K, 40% used [0x00000000eab00000,0x00000000eb84d968,0x00000000ecb80000)
  from space 5120K, 0% used [0x00000000ed080000,0x00000000ed080000,0x00000000ed580000)
  to   space 5120K, 0% used [0x00000000ecb80000,0x00000000ecb80000,0x00000000ed080000)
 ParOldGen       total 87552K, used 0K [0x00000000c0000000, 0x00000000c5580000, 0x00000000eab00000)
  object space 87552K, 0% used [0x00000000c0000000,0x00000000c0000000,0x00000000c5580000)
 Metaspace       used 5621K, capacity 6576K, committed 6784K, reserved 1056768K
  class space    used 589K, capacity 616K, committed 640K, reserved 1048576K

Card table byte_map: [0x0000000012360000,0x0000000012570000] byte_map_base: 0x0000000011d60000

Marking Bits: (ParMarkBitMap*) 0x0000000077244040
 Begin Bits: [0x0000000012ad0000, 0x0000000013ad0000)
 End Bits:   [0x0000000013ad0000, 0x0000000014ad0000)

Polling page: 0x0000000000e60000

CodeCache: size=245760Kb used=2468Kb max_used=2468Kb free=243291Kb
 bounds [0x0000000002fa0000, 0x0000000003210000, 0x0000000011fa0000]
 total_blobs=908 nmethods=633 adapters=187
 compilation: enabled

Compilation events (10 events):
Event: 1.583 Thread 0x0000000016b2e800 nmethod 607 0x00000000031e96d0 code [0x00000000031e9820, 0x00000000031e9950]
Event: 1.583 Thread 0x0000000016b2e800  593       3       com.android.dx.ssa.back.LivenessAnalyzer::run (231 bytes)
Event: 1.585 Thread 0x0000000016b2e800 nmethod 593 0x00000000031e9a10 code [0x00000000031e9d40, 0x00000000031eb448]
Event: 1.585 Thread 0x0000000016b2e800  602       3       com.android.dx.ssa.SsaMethod::onSourcesChanged (69 bytes)
Event: 1.586 Thread 0x0000000016b2e800 nmethod 602 0x00000000031ed4d0 code [0x00000000031ed6e0, 0x00000000031ee2f8]
Event: 1.586 Thread 0x0000000016b2e800  596       3       com.android.dx.ssa.SsaBasicBlock::getCountPhiInsns (45 bytes)
Event: 1.586 Thread 0x000000001567f800 nmethod 605 0x00000000031f0350 code [0x00000000031f04a0, 0x00000000031f0718]
Event: 1.586 Thread 0x000000001567f800  594       4       java.util.BitSet::get (69 bytes)
Event: 1.588 Thread 0x000000001567f800 nmethod 594 0x00000000031f0810 code [0x00000000031f0940, 0x00000000031f0a18]
Event: 1.588 Thread 0x000000001567f800  610       4       java.util.HashMap::get (23 bytes)

GC Heap History (0 events):
No events

Deoptimization events (1 events):
Event: 1.566 Thread 0x0000000016c66000 Uncommon trap: reason=unstable_if action=reinterpret pc=0x00000000031c569c method=java.util.HashMap.getNode(ILjava/lang/Object;)Ljava/util/HashMap$Node; @ 129

Internal exceptions (2 events):
Event: 0.067 Thread 0x0000000002a2e000 Exception <a 'java/lang/NoSuchMethodError': Method sun.misc.Unsafe.defineClass(Ljava/lang/String;[BII)Ljava/lang/Class; name or signature does not match> (0x00000000eab12f08) thrown at [C:\re\workspace\8-2-build-windows-amd64-cygwin\jdk8u51\3951\hotspot\srÅFrû7±?
Event: 0.067 Thread 0x0000000002a2e000 Exception <a 'java/lang/NoSuchMethodError': Method sun.misc.Unsafe.prefetchRead(Ljava/lang/Object;J)V name or signature does not match> (0x00000000eab13198) thrown at [C:\re\workspace\8-2-build-windows-amd64-cygwin\jdk8u51\3951\hotspot\src\share\vm\prims\j

Events (10 events):
Event: 1.539 loading class com/android/dx/dex/file/MethodIdItem done
Event: 1.540 loading class com/android/dx/cf/code/SwitchList
Event: 1.540 loading class com/android/dx/cf/code/SwitchList done
Event: 1.558 loading class com/android/dx/ssa/back/FirstFitLocalCombiningAllocator$Multiset
Event: 1.558 loading class com/android/dx/ssa/back/FirstFitLocalCombiningAllocator$Multiset done
Event: 1.561 loading class java/util/DualPivotQuicksort
Event: 1.561 loading class java/util/DualPivotQuicksort done
Event: 1.566 Thread 0x0000000016c66000 Uncommon trap: trap_request=0xffffff65 fr.pc=0x00000000031c569c
Event: 1.566 Thread 0x0000000016c66000 DEOPT PACKING pc=0x00000000031c569c sp=0x00000000178ce7c0
Event: 1.566 Thread 0x0000000016c66000 DEOPT UNPACKING pc=0x0000000002fe582a sp=0x00000000178ce738 mode 2


Dynamic libraries:
0x00007ff67ace0000 - 0x00007ff67ad17000 	C:\Program Files\Java\jdk1.8.0_51\bin\java.exe
0x00007ffc3da50000 - 0x00007ffc3dc2b000 	C:\WINDOWS\SYSTEM32\ntdll.dll
0x00007ffc3bd10000 - 0x00007ffc3bdbe000 	C:\WINDOWS\System32\KERNEL32.DLL
0x00007ffc3a450000 - 0x00007ffc3a699000 	C:\WINDOWS\System32\KERNELBASE.dll
0x00007ffc3b5c0000 - 0x00007ffc3b661000 	C:\WINDOWS\System32\ADVAPI32.dll
0x00007ffc3bab0000 - 0x00007ffc3bb4d000 	C:\WINDOWS\System32\msvcrt.dll
0x00007ffc3bca0000 - 0x00007ffc3bcf9000 	C:\WINDOWS\System32\sechost.dll
0x00007ffc3bdf0000 - 0x00007ffc3bf15000 	C:\WINDOWS\System32\RPCRT4.dll
0x00007ffc3d7f0000 - 0x00007ffc3d93a000 	C:\WINDOWS\System32\USER32.dll
0x00007ffc39fd0000 - 0x00007ffc39fee000 	C:\WINDOWS\System32\win32u.dll
0x00007ffc3bdc0000 - 0x00007ffc3bde7000 	C:\WINDOWS\System32\GDI32.dll
0x00007ffc39ff0000 - 0x00007ffc3a177000 	C:\WINDOWS\System32\gdi32full.dll
0x00007ffc3a6a0000 - 0x00007ffc3a73a000 	C:\WINDOWS\System32\msvcp_win.dll
0x00007ffc3a740000 - 0x00007ffc3a836000 	C:\WINDOWS\System32\ucrtbase.dll
0x00007ffc2f360000 - 0x00007ffc2f5c7000 	C:\WINDOWS\WinSxS\amd64_microsoft.windows.common-controls_6595b64144ccf1df_6.0.15063.483_none_26002d27e7c744a2\COMCTL32.dll
0x00007ffc3d4f0000 - 0x00007ffc3d7e9000 	C:\WINDOWS\System32\combase.dll
0x00007ffc3a840000 - 0x00007ffc3a8aa000 	C:\WINDOWS\System32\bcryptPrimitives.dll
0x00007ffc3bb50000 - 0x00007ffc3bb7d000 	C:\WINDOWS\System32\IMM32.DLL
0x0000000050020000 - 0x00000000500f2000 	C:\Program Files\Java\jdk1.8.0_51\jre\bin\msvcr100.dll
0x0000000076a40000 - 0x00000000772c3000 	C:\Program Files\Java\jdk1.8.0_51\jre\bin\server\jvm.dll
0x00007ffc3b5b0000 - 0x00007ffc3b5b8000 	C:\WINDOWS\System32\PSAPI.DLL
0x00007ffc2d8c0000 - 0x00007ffc2d8c9000 	C:\WINDOWS\SYSTEM32\WSOCK32.dll
0x00007ffc3c040000 - 0x00007ffc3c0ac000 	C:\WINDOWS\System32\WS2_32.dll
0x00007ffc2f820000 - 0x00007ffc2f843000 	C:\WINDOWS\SYSTEM32\WINMM.dll
0x00007ffc30340000 - 0x00007ffc3034a000 	C:\WINDOWS\SYSTEM32\VERSION.dll
0x00007ffc2ed10000 - 0x00007ffc2ed3b000 	C:\WINDOWS\SYSTEM32\WINMMBASE.dll
0x00007ffc3a230000 - 0x00007ffc3a279000 	C:\WINDOWS\System32\cfgmgr32.dll
0x0000000050010000 - 0x000000005001f000 	C:\Program Files\Java\jdk1.8.0_51\jre\bin\verify.dll
0x0000000076a10000 - 0x0000000076a39000 	C:\Program Files\Java\jdk1.8.0_51\jre\bin\java.dll
0x00000000769f0000 - 0x0000000076a06000 	C:\Program Files\Java\jdk1.8.0_51\jre\bin\zip.dll
0x00007ffc3c0b0000 - 0x00007ffc3d4e6000 	C:\WINDOWS\System32\SHELL32.dll
0x00007ffc3bbe0000 - 0x00007ffc3bc8a000 	C:\WINDOWS\System32\shcore.dll
0x00007ffc3a8b0000 - 0x00007ffc3afa1000 	C:\WINDOWS\System32\windows.storage.dll
0x00007ffc3bf20000 - 0x00007ffc3bf71000 	C:\WINDOWS\System32\shlwapi.dll
0x00007ffc39ec0000 - 0x00007ffc39ed1000 	C:\WINDOWS\System32\kernel.appcore.dll
0x00007ffc39f00000 - 0x00007ffc39f4c000 	C:\WINDOWS\System32\powrprof.dll
0x00007ffc39f50000 - 0x00007ffc39f65000 	C:\WINDOWS\System32\profapi.dll

VM Arguments:
jvm_args: -Djava.awt.headless=true -Xmx1024M -Dfile.encoding=GBK -Duser.country=CN -Duser.language=zh -Duser.variant 
java_command: com.android.dx.command.Main --dex --force-jumbo --num-threads=4 --multi-dex --output D:\Android\AndroidStudioProjects\GestureLanucher\wear\build\intermediates\transforms\dex\debug\folders\1000\5\slice_4 D:\Android\AndroidStudioProjects\GestureLanucher\wear\build\intermediates\transforms\instantRunSlicer\debug\folders\1\5\slice_4
java_class_path (initial): D:\Android\sdk\build-tools\26.0.0\lib\dx.jar
Launcher Type: SUN_STANDARD

Environment Variables:
JAVA_HOME=C:\Program Files\Java\jdk1.8.0_51
CLASSPATH=.;C:\Program Files\Java\jdk1.8.0_51\lib\dt.jar;C:\Program Files\Java\jdk1.8.0_51\lib\tools.jar;
PATH=D:\MentorGraphics\9.5PADS\SDD_HOME\common\win32\bin;D:\MentorGraphics\9.5PADS\SDD_HOME\common\win32\lib;D:\MentorGraphics\9.5PADS\MGC_HOME.ixn\bin;D:\MentorGraphics\9.5PADS\MGC_HOME.ixn\lib;C:\WINDOWS\system32;C:\WINDOWS;C:\WINDOWS\System32\Wbem;C:\Program Files\Java\jdk1.8.0_51\bin;C:\Users\◊”∫„\AppData\Local\Programs\Python\Python36\Scripts\;C:\Users\◊”∫„\AppData\Local\Programs\Python\Python36\;C:\Program Files\Intel\WiFi\bin\;C:\Program Files\Common Files\Intel\WirelessCommon\;C:\Users\◊”∫„\AppData\Local\Microsoft\WindowsApps;D:\MentorGraphics\9.5PADS\SDD_HOME\common\win32\lib;
USERNAME=◊”∫„
OS=Windows_NT
PROCESSOR_IDENTIFIER=Intel64 Family 6 Model 58 Stepping 9, GenuineIntel



---------------  S Y S T E M  ---------------

OS: Windows 10.0 , 64 bit Build 15063 (10.0.15063.296)

CPU:total 4 (2 cores per cpu, 2 threads per core) family 6 model 58 stepping 9, cmov, cx8, fxsr, mmx, sse, sse2, sse3, ssse3, sse4.1, sse4.2, popcnt, avx, aes, clmul, erms, ht, tsc, tscinvbit, tscinv

Memory: 4k page, physical 8285464k(980092k free), swap 12479768k(1308k free)

vm_info: Java HotSpot(TM) 64-Bit Server VM (25.51-b03) for windows-amd64 JRE (1.8.0_51-b16), built on Jun  8 2015 18:03:07 by "java_re" with MS VC++ 10.0 (VS2010)

time: Tue Oct 24 20:59:54 2017
elapsed time: 1 seconds (0d 0h 0m 1s)

