#
# There is insufficient memory for the Java Runtime Environment to continue.
# Native memory allocation (malloc) failed to allocate 650096 bytes for Chunk::new
# Possible reasons:
#   The system is out of physical RAM or swap space
#   In 32 bit mode, the process size limit was hit
# Possible solutions:
#   Reduce memory load on the system
#   Increase physical memory or swap space
#   Check if swap backing store is full
#   Use 64 bit Java on a 64 bit OS
#   Decrease Java heap size (-Xmx/-Xms)
#   Decrease number of Java threads
#   Decrease Java thread stack sizes (-Xss)
#   Set larger code cache with -XX:ReservedCodeCacheSize=
# This output file may be truncated or incomplete.
#
#  Out of Memory Error (allocation.cpp:390), pid=23472, tid=32672
#
# JRE version: Java(TM) SE Runtime Environment (8.0_51-b16) (build 1.8.0_51-b16)
# Java VM: Java HotSpot(TM) 64-Bit Server VM (25.51-b03 mixed mode windows-amd64 compressed oops)
# Failed to write core dump. Minidumps are not enabled by default on client versions of Windows
#

---------------  T H R E A D  ---------------

Current thread (0x0000000016d70800):  JavaThread "C2 CompilerThread0" daemon [_thread_in_native, id=32672, stack(0x0000000017170000,0x0000000017270000)]

Stack: [0x0000000017170000,0x0000000017270000]
Native frames: (J=compiled Java code, j=interpreted, Vv=VM code, C=native code)
V  [jvm.dll+0x32b4ca]


Current CompileTask:
C2:   2718 1317       4       com.android.dx.ssa.SCCP::simulatePhi (169 bytes)


---------------  P R O C E S S  ---------------

Java Threads: ( => current thread )
  0x0000000017a96000 JavaThread "pool-2-thread-4" [_thread_blocked, id=27892, stack(0x0000000018270000,0x0000000018370000)]
  0x0000000016eff000 JavaThread "pool-2-thread-3" [_thread_blocked, id=12920, stack(0x0000000017970000,0x0000000017a70000)]
  0x0000000016eee000 JavaThread "pool-2-thread-2" [_thread_in_Java, id=29504, stack(0x0000000017870000,0x0000000017970000)]
  0x0000000016ee8000 JavaThread "pool-3-thread-1" [_thread_blocked, id=27896, stack(0x0000000017770000,0x0000000017870000)]
  0x0000000016ee3800 JavaThread "pool-2-thread-1" [_thread_blocked, id=32500, stack(0x0000000017670000,0x0000000017770000)]
  0x0000000016ddd000 JavaThread "Service Thread" daemon [_thread_blocked, id=28744, stack(0x0000000017470000,0x0000000017570000)]
  0x0000000016dd7000 JavaThread "C1 CompilerThread2" daemon [_thread_blocked, id=28404, stack(0x0000000017370000,0x0000000017470000)]
  0x0000000016d72000 JavaThread "C2 CompilerThread1" daemon [_thread_in_native, id=27880, stack(0x0000000017270000,0x0000000017370000)]
=>0x0000000016d70800 JavaThread "C2 CompilerThread0" daemon [_thread_in_native, id=32672, stack(0x0000000017170000,0x0000000017270000)]
  0x000000001570f800 JavaThread "Attach Listener" daemon [_thread_blocked, id=29288, stack(0x0000000016c70000,0x0000000016d70000)]
  0x000000001575e800 JavaThread "Signal Dispatcher" daemon [_thread_blocked, id=31112, stack(0x0000000016b70000,0x0000000016c70000)]
  0x0000000003022000 JavaThread "Finalizer" daemon [_thread_blocked, id=29872, stack(0x0000000016970000,0x0000000016a70000)]
  0x000000000301f000 JavaThread "Reference Handler" daemon [_thread_blocked, id=30740, stack(0x0000000016870000,0x0000000016970000)]
  0x0000000002f2e000 JavaThread "main" [_thread_in_native, id=29340, stack(0x0000000002d90000,0x0000000002e90000)]

Other Threads:
  0x00000000156c8000 VMThread [stack: 0x0000000016770000,0x0000000016870000] [id=30456]
  0x0000000016ddf000 WatcherThread [stack: 0x0000000017570000,0x0000000017670000] [id=18588]

VM state:not at safepoint (normal execution)

VM Mutex/Monitor currently owned by a thread: None

Heap:
 PSYoungGen      total 71680K, used 22421K [0x00000000eab00000, 0x00000000ef600000, 0x0000000100000000)
  eden space 66560K, 26% used [0x00000000eab00000,0x00000000ebbebbd8,0x00000000eec00000)
  from space 5120K, 99% used [0x00000000ef100000,0x00000000ef5f9a28,0x00000000ef600000)
  to   space 5120K, 0% used [0x00000000eec00000,0x00000000eec00000,0x00000000ef100000)
 ParOldGen       total 87552K, used 17727K [0x00000000c0000000, 0x00000000c5580000, 0x00000000eab00000)
  object space 87552K, 20% used [0x00000000c0000000,0x00000000c114fc40,0x00000000c5580000)
 Metaspace       used 5956K, capacity 6896K, committed 7040K, reserved 1056768K
  class space    used 591K, capacity 616K, committed 640K, reserved 1048576K

Card table byte_map: [0x00000000123f0000,0x0000000012600000] byte_map_base: 0x0000000011df0000

Marking Bits: (ParMarkBitMap*) 0x00000000588f4040
 Begin Bits: [0x0000000012b60000, 0x0000000013b60000)
 End Bits:   [0x0000000013b60000, 0x0000000014b60000)

Polling page: 0x0000000002a00000

CodeCache: size=245760Kb used=5516Kb max_used=5516Kb free=240243Kb
 bounds [0x0000000003030000, 0x00000000035a0000, 0x0000000012030000]
 total_blobs=1576 nmethods=1304 adapters=185
 compilation: enabled

Compilation events (10 events):
Event: 2.657 Thread 0x0000000016dd7000 1320       1       com.android.dx.cf.code.Ropper::access$100 (5 bytes)
Event: 2.657 Thread 0x0000000016dd7000 nmethod 1320 0x0000000003574190 code [0x00000000035742e0, 0x00000000035743d0]
Event: 2.657 Thread 0x0000000016dd7000 1321       1       com.android.dx.cf.code.ConcreteMethod::getLocalVariables (5 bytes)
Event: 2.657 Thread 0x0000000016dd7000 nmethod 1321 0x0000000003573ed0 code [0x0000000003574020, 0x0000000003574130]
Event: 2.658 Thread 0x0000000016dd7000 1323       3       com.android.dx.ssa.SsaMethod::buildUseList (112 bytes)
Event: 2.658 Thread 0x0000000016d70800 nmethod 1278 0x00000000035907d0 code [0x0000000003590960, 0x0000000003591090]
Event: 2.659 Thread 0x0000000016d70800 1317       4       com.android.dx.ssa.SCCP::simulatePhi (169 bytes)
Event: 2.659 Thread 0x0000000016dd7000 nmethod 1323 0x0000000003591990 code [0x0000000003591c20, 0x0000000003592f18]
Event: 2.680 Thread 0x0000000016dd7000 1324 %     3       com.android.dx.ssa.SsaConverter::placePhiFunctions @ 264 (394 bytes)
Event: 2.685 Thread 0x0000000016dd7000 nmethod 1324% 0x0000000003593990 code [0x0000000003593f40, 0x00000000035977f8]

GC Heap History (4 events):
Event: 1.548 GC heap before
{Heap before GC invocations=1 (full 0):
 PSYoungGen      total 38400K, used 33280K [0x00000000eab00000, 0x00000000ed580000, 0x0000000100000000)
  eden space 33280K, 100% used [0x00000000eab00000,0x00000000ecb80000,0x00000000ecb80000)
  from space 5120K, 0% used [0x00000000ed080000,0x00000000ed080000,0x00000000ed580000)
  to   space 5120K, 0% used [0x00000000ecb80000,0x00000000ecb80000,0x00000000ed080000)
 ParOldGen       total 87552K, used 0K [0x00000000c0000000, 0x00000000c5580000, 0x00000000eab00000)
  object space 87552K, 0% used [0x00000000c0000000,0x00000000c0000000,0x00000000c5580000)
 Metaspace       used 5861K, capacity 6832K, committed 7040K, reserved 1056768K
  class space    used 589K, capacity 616K, committed 640K, reserved 1048576K
Event: 1.564 GC heap after
Heap after GC invocations=1 (full 0):
 PSYoungGen      total 38400K, used 5111K [0x00000000eab00000, 0x00000000ef600000, 0x0000000100000000)
  eden space 33280K, 0% used [0x00000000eab00000,0x00000000eab00000,0x00000000ecb80000)
  from space 5120K, 99% used [0x00000000ecb80000,0x00000000ed07dda8,0x00000000ed080000)
  to   space 5120K, 0% used [0x00000000ef100000,0x00000000ef100000,0x00000000ef600000)
 ParOldGen       total 87552K, used 6257K [0x00000000c0000000, 0x00000000c5580000, 0x00000000eab00000)
  object space 87552K, 7% used [0x00000000c0000000,0x00000000c061c568,0x00000000c5580000)
 Metaspace       used 5861K, capacity 6832K, committed 7040K, reserved 1056768K
  class space    used 589K, capacity 616K, committed 640K, reserved 1048576K
}
Event: 2.424 GC heap before
{Heap before GC invocations=2 (full 0):
 PSYoungGen      total 38400K, used 38391K [0x00000000eab00000, 0x00000000ef600000, 0x0000000100000000)
  eden space 33280K, 100% used [0x00000000eab00000,0x00000000ecb80000,0x00000000ecb80000)
  from space 5120K, 99% used [0x00000000ecb80000,0x00000000ed07dda8,0x00000000ed080000)
  to   space 5120K, 0% used [0x00000000ef100000,0x00000000ef100000,0x00000000ef600000)
 ParOldGen       total 87552K, used 6257K [0x00000000c0000000, 0x00000000c5580000, 0x00000000eab00000)
  object space 87552K, 7% used [0x00000000c0000000,0x00000000c061c568,0x00000000c5580000)
 Metaspace       used 5944K, capacity 6896K, committed 7040K, reserved 1056768K
  class space    used 591K, capacity 616K, committed 640K, reserved 1048576K
Event: 2.450 GC heap after
Heap after GC invocations=2 (full 0):
 PSYoungGen      total 71680K, used 5094K [0x00000000eab00000, 0x00000000ef600000, 0x0000000100000000)
  eden space 66560K, 0% used [0x00000000eab00000,0x00000000eab00000,0x00000000eec00000)
  from space 5120K, 99% used [0x00000000ef100000,0x00000000ef5f9a28,0x00000000ef600000)
  to   space 5120K, 0% used [0x00000000eec00000,0x00000000eec00000,0x00000000ef100000)
 ParOldGen       total 87552K, used 17727K [0x00000000c0000000, 0x00000000c5580000, 0x00000000eab00000)
  object space 87552K, 20% used [0x00000000c0000000,0x00000000c114fc40,0x00000000c5580000)
 Metaspace       used 5944K, capacity 6896K, committed 7040K, reserved 1056768K
  class space    used 591K, capacity 616K, committed 640K, reserved 1048576K
}

Deoptimization events (10 events):
Event: 1.824 Thread 0x0000000016ee3800 Uncommon trap: reason=unstable_if action=reinterpret pc=0x00000000032e8534 method=com.android.dx.rop.code.RegisterSpec.equals(ILcom/android/dx/rop/type/TypeBearer;Lcom/android/dx/rop/code/LocalItem;)Z @ 16
Event: 1.826 Thread 0x0000000016ee3800 Uncommon trap: reason=null_check action=make_not_entrant pc=0x00000000033e07f0 method=com.android.dx.rop.type.Type.equals(Ljava/lang/Object;)Z @ 8
Event: 1.831 Thread 0x0000000016ee3800 Uncommon trap: reason=unstable_if action=reinterpret pc=0x000000000343607c method=com.android.dx.ssa.SsaRenamer$BlockRenamer.addMapping(ILcom/android/dx/rop/code/RegisterSpec;)V @ 120
Event: 1.831 Thread 0x0000000016ee3800 Uncommon trap: reason=unstable_if action=reinterpret pc=0x00000000034508a0 method=com.android.dx.ssa.SsaRenamer$BlockRenamer.addMapping(ILcom/android/dx/rop/code/RegisterSpec;)V @ 120
Event: 1.832 Thread 0x0000000016ee3800 Uncommon trap: reason=unstable_if action=reinterpret pc=0x0000000003478c9c method=com.android.dx.ssa.SCCP.simulateStmt(Lcom/android/dx/ssa/SsaInsn;)V @ 469
Event: 1.835 Thread 0x0000000016ee3800 Uncommon trap: reason=unstable_if action=reinterpret pc=0x00000000033e90d8 method=com.android.dx.util.IntList.binarysearch(I)I @ 26
Event: 2.411 Thread 0x0000000016eee000 Uncommon trap: reason=class_check action=maybe_recompile pc=0x00000000034e4130 method=com.android.dx.rop.type.Type.equals(Ljava/lang/Object;)Z @ 8
Event: 2.411 Thread 0x0000000016eee000 Uncommon trap: reason=class_check action=maybe_recompile pc=0x00000000034e4130 method=com.android.dx.rop.type.Type.equals(Ljava/lang/Object;)Z @ 8
Event: 2.413 Thread 0x0000000016eee000 Uncommon trap: reason=class_check action=maybe_recompile pc=0x00000000034e4130 method=com.android.dx.rop.type.Type.equals(Ljava/lang/Object;)Z @ 8
Event: 2.413 Thread 0x0000000016eee000 Uncommon trap: reason=class_check action=maybe_recompile pc=0x00000000034e4130 method=com.android.dx.rop.type.Type.equals(Ljava/lang/Object;)Z @ 8

Internal exceptions (3 events):
Event: 0.048 Thread 0x0000000002f2e000 Exception <a 'java/lang/NoSuchMethodError': Method sun.misc.Unsafe.defineClass(Ljava/lang/String;[BII)Ljava/lang/Class; name or signature does not match> (0x00000000eab12f08) thrown at [C:\re\workspace\8-2-build-windows-amd64-cygwin\jdk8u51\3951\hotspot\sr›gW.Þ¨?
Event: 0.049 Thread 0x0000000002f2e000 Exception <a 'java/lang/NoSuchMethodError': Method sun.misc.Unsafe.prefetchRead(Ljava/lang/Object;J)V name or signature does not match> (0x00000000eab13198) thrown at [C:\re\workspace\8-2-build-windows-amd64-cygwin\jdk8u51\3951\hotspot\src\share\vm\prims\jí“´eÙ6ý?
Event: 1.826 Thread 0x0000000016ee3800 Implicit null exception at 0x00000000033e06e2 to 0x00000000033e07e1

Events (10 events):
Event: 2.411 Thread 0x0000000016eee000 DEOPT PACKING pc=0x00000000034e4130 sp=0x000000001796daf0
Event: 2.411 Thread 0x0000000016eee000 DEOPT UNPACKING pc=0x000000000307582a sp=0x000000001796da88 mode 2
Event: 2.413 Thread 0x0000000016eee000 Uncommon trap: trap_request=0xffffffde fr.pc=0x00000000034e4130
Event: 2.413 Thread 0x0000000016eee000 DEOPT PACKING pc=0x00000000034e4130 sp=0x000000001796e530
Event: 2.413 Thread 0x0000000016eee000 DEOPT UNPACKING pc=0x000000000307582a sp=0x000000001796e4c8 mode 2
Event: 2.413 Thread 0x0000000016eee000 Uncommon trap: trap_request=0xffffffde fr.pc=0x00000000034e4130
Event: 2.413 Thread 0x0000000016eee000 DEOPT PACKING pc=0x00000000034e4130 sp=0x000000001796e4b0
Event: 2.413 Thread 0x0000000016eee000 DEOPT UNPACKING pc=0x000000000307582a sp=0x000000001796e448 mode 2
Event: 2.423 Executing VM operation: ParallelGCFailedAllocation
Event: 2.451 Executing VM operation: ParallelGCFailedAllocation done


Dynamic libraries:
0x00007ff713bd0000 - 0x00007ff713c07000 	C:\Program Files\Java\jdk1.8.0_51\bin\java.exe
0x00007fffa0f80000 - 0x00007fffa115b000 	C:\WINDOWS\SYSTEM32\ntdll.dll
0x00007fff9e520000 - 0x00007fff9e5ce000 	C:\WINDOWS\System32\KERNEL32.DLL
0x00007fff9dba0000 - 0x00007fff9dde9000 	C:\WINDOWS\System32\KERNELBASE.dll
0x00007fffa0940000 - 0x00007fffa09e1000 	C:\WINDOWS\System32\ADVAPI32.dll
0x00007fff9e650000 - 0x00007fff9e6ed000 	C:\WINDOWS\System32\msvcrt.dll
0x00007fffa0c20000 - 0x00007fffa0c79000 	C:\WINDOWS\System32\sechost.dll
0x00007fffa06c0000 - 0x00007fffa07e5000 	C:\WINDOWS\System32\RPCRT4.dll
0x00007fffa07f0000 - 0x00007fffa093a000 	C:\WINDOWS\System32\USER32.dll
0x00007fff9e4c0000 - 0x00007fff9e4de000 	C:\WINDOWS\System32\win32u.dll
0x00007fffa0b80000 - 0x00007fffa0ba7000 	C:\WINDOWS\System32\GDI32.dll
0x00007fff9e160000 - 0x00007fff9e2e7000 	C:\WINDOWS\System32\gdi32full.dll
0x00007fff9ddf0000 - 0x00007fff9de8a000 	C:\WINDOWS\System32\msvcp_win.dll
0x00007fff9dff0000 - 0x00007fff9e0e6000 	C:\WINDOWS\System32\ucrtbase.dll
0x00007fff90650000 - 0x00007fff908b7000 	C:\WINDOWS\WinSxS\amd64_microsoft.windows.common-controls_6595b64144ccf1df_6.0.15063.483_none_26002d27e7c744a2\COMCTL32.dll
0x00007fffa0c80000 - 0x00007fffa0f79000 	C:\WINDOWS\System32\combase.dll
0x00007fff9e0f0000 - 0x00007fff9e15a000 	C:\WINDOWS\System32\bcryptPrimitives.dll
0x00007fff9e4e0000 - 0x00007fff9e50d000 	C:\WINDOWS\System32\IMM32.DLL
0x0000000058980000 - 0x0000000058a52000 	C:\Program Files\Java\jdk1.8.0_51\jre\bin\msvcr100.dll
0x00000000580f0000 - 0x0000000058973000 	C:\Program Files\Java\jdk1.8.0_51\jre\bin\server\jvm.dll
0x00007fff9e510000 - 0x00007fff9e518000 	C:\WINDOWS\System32\PSAPI.DLL
0x00007fff99f50000 - 0x00007fff99f59000 	C:\WINDOWS\SYSTEM32\WSOCK32.dll
0x00007fff9e5e0000 - 0x00007fff9e64c000 	C:\WINDOWS\System32\WS2_32.dll
0x00007fff958f0000 - 0x00007fff95913000 	C:\WINDOWS\SYSTEM32\WINMM.dll
0x00007fff91f70000 - 0x00007fff91f7a000 	C:\WINDOWS\SYSTEM32\VERSION.dll
0x00007fff958a0000 - 0x00007fff958cb000 	C:\WINDOWS\SYSTEM32\WINMMBASE.dll
0x00007fff9de90000 - 0x00007fff9ded9000 	C:\WINDOWS\System32\cfgmgr32.dll
0x00000000597c0000 - 0x00000000597cf000 	C:\Program Files\Java\jdk1.8.0_51\jre\bin\verify.dll
0x00000000580c0000 - 0x00000000580e9000 	C:\Program Files\Java\jdk1.8.0_51\jre\bin\java.dll
0x00000000597a0000 - 0x00000000597b6000 	C:\Program Files\Java\jdk1.8.0_51\jre\bin\zip.dll
0x00007fff9e990000 - 0x00007fff9fdc7000 	C:\WINDOWS\System32\SHELL32.dll
0x00007fffa0590000 - 0x00007fffa063a000 	C:\WINDOWS\System32\shcore.dll
0x00007fff9d4a0000 - 0x00007fff9db91000 	C:\WINDOWS\System32\windows.storage.dll
0x00007fff9e890000 - 0x00007fff9e8e1000 	C:\WINDOWS\System32\shlwapi.dll
0x00007fff9d460000 - 0x00007fff9d471000 	C:\WINDOWS\System32\kernel.appcore.dll
0x00007fff9d410000 - 0x00007fff9d45c000 	C:\WINDOWS\System32\powrprof.dll
0x00007fff9d3f0000 - 0x00007fff9d405000 	C:\WINDOWS\System32\profapi.dll
0x00007fff972e0000 - 0x00007fff97489000 	C:\WINDOWS\SYSTEM32\dbghelp.dll

VM Arguments:
jvm_args: -Djava.awt.headless=true -Xmx1024M -Dfile.encoding=GBK -Duser.country=CN -Duser.language=zh -Duser.variant 
java_command: com.android.dx.command.Main --dex --force-jumbo --num-threads=4 --multi-dex --output D:\Android\AndroidStudioProjects\GestureLanucher\wear\build\intermediates\transforms\dex\debug\folders\1000\5\slice_9 D:\Android\AndroidStudioProjects\GestureLanucher\wear\build\intermediates\transforms\instantRunSlicer\debug\folders\1\5\slice_9
java_class_path (initial): D:\Android\sdk\build-tools\26.0.0\lib\dx.jar
Launcher Type: SUN_STANDARD

Environment Variables:
JAVA_HOME=C:\Program Files\Java\jdk1.8.0_51
CLASSPATH=.;C:\Program Files\Java\jdk1.8.0_51\lib\dt.jar;C:\Program Files\Java\jdk1.8.0_51\lib\tools.jar;
PATH=D:\MentorGraphics\9.5PADS\SDD_HOME\common\win32\bin;D:\MentorGraphics\9.5PADS\SDD_HOME\common\win32\lib;D:\MentorGraphics\9.5PADS\MGC_HOME.ixn\bin;D:\MentorGraphics\9.5PADS\MGC_HOME.ixn\lib;C:\WINDOWS\system32;C:\WINDOWS;C:\WINDOWS\System32\Wbem;C:\Program Files\Java\jdk1.8.0_51\bin;C:\Users\×Óºã\AppData\Local\Programs\Python\Python36\Scripts\;C:\Users\×Óºã\AppData\Local\Programs\Python\Python36\;C:\Program Files\Intel\WiFi\bin\;C:\Program Files\Common Files\Intel\WirelessCommon\;C:\Users\×Óºã\AppData\Local\Microsoft\WindowsApps;D:\MentorGraphics\9.5PADS\SDD_HOME\common\win32\lib;
USERNAME=×Óºã
OS=Windows_NT
PROCESSOR_IDENTIFIER=Intel64 Family 6 Model 58 Stepping 9, GenuineIntel



---------------  S Y S T E M  ---------------

OS: Windows 10.0 , 64 bit Build 15063 (10.0.15063.296)

CPU:total 4 (2 cores per cpu, 2 threads per core) family 6 model 58 stepping 9, cmov, cx8, fxsr, mmx, sse, sse2, sse3, ssse3, sse4.1, sse4.2, popcnt, avx, aes, clmul, erms, ht, tsc, tscinvbit, tscinv

Memory: 4k page, physical 8285464k(997016k free), swap 12479768k(8604k free)

vm_info: Java HotSpot(TM) 64-Bit Server VM (25.51-b03) for windows-amd64 JRE (1.8.0_51-b16), built on Jun  8 2015 18:03:07 by "java_re" with MS VC++ 10.0 (VS2010)

time: Wed Nov 22 19:16:19 2017
elapsed time: 2 seconds (0d 0h 0m 2s)

