#
# There is insufficient memory for the Java Runtime Environment to continue.
# Native memory allocation (malloc) failed to allocate 1048576 bytes for AllocateHeap
# Possible reasons:
#   The system is out of physical RAM or swap space
#   In 32 bit mode, the process size limit was hit
# Possible solutions:
#   Reduce memory load on the system
#   Increase physical memory or swap space
#   Check if swap backing store is full
#   Use 64 bit Java on a 64 bit OS
#   Decrease Java heap size (-Xmx/-Xms)
#   Decrease number of Java threads
#   Decrease Java thread stack sizes (-Xss)
#   Set larger code cache with -XX:ReservedCodeCacheSize=
# This output file may be truncated or incomplete.
#
#  Out of Memory Error (memory/allocation.inline.hpp:61), pid=65692, tid=63148
#
# JRE version:  (8.0_51-b16) (build )
# Java VM: Java HotSpot(TM) 64-Bit Server VM (25.51-b03 mixed mode windows-amd64 compressed oops)
# Failed to write core dump. Minidumps are not enabled by default on client versions of Windows
#

---------------  T H R E A D  ---------------

Current thread (0x0000000002e3e000):  JavaThread "Unknown thread" [_thread_in_vm, id=63148, stack(0x00000000031e0000,0x00000000032e0000)]

Stack: [0x00000000031e0000,0x00000000032e0000]
Native frames: (J=compiled Java code, j=interpreted, Vv=VM code, C=native code)
V  [jvm.dll+0x32b4ca]
V  [jvm.dll+0x2797e3]
V  [jvm.dll+0x27a479]
V  [jvm.dll+0x271765]
V  [jvm.dll+0x1606]
V  [jvm.dll+0x3f7dd2]
V  [jvm.dll+0x3f876f]
V  [jvm.dll+0x3f883d]
V  [jvm.dll+0x3f8a06]
V  [jvm.dll+0xf2c22]
V  [jvm.dll+0x20f0a9]
V  [jvm.dll+0x240d2a]
V  [jvm.dll+0x15b9a1]
C  [java.exe+0x216e]
C  [java.exe+0xcd07]
C  [java.exe+0xcd9b]
C  [KERNEL32.DLL+0x12774]
C  [ntdll.dll+0x70d51]


---------------  P R O C E S S  ---------------

Java Threads: ( => current thread )

Other Threads:

=>0x0000000002e3e000 (exited) JavaThread "Unknown thread" [_thread_in_vm, id=63148, stack(0x00000000031e0000,0x00000000032e0000)]

VM state:not at safepoint (normal execution)

VM Mutex/Monitor currently owned by a thread: None

Heap:
 PSYoungGen      total 38400K, used 665K [0x00000000eab00000, 0x00000000ed580000, 0x0000000100000000)
  eden space 33280K, 2% used [0x00000000eab00000,0x00000000eaba6670,0x00000000ecb80000)
  from space 5120K, 0% used [0x00000000ed080000,0x00000000ed080000,0x00000000ed580000)
  to   space 5120K, 0% used [0x00000000ecb80000,0x00000000ecb80000,0x00000000ed080000)
 ParOldGen       total 87552K, used 0K [0x00000000c0000000, 0x00000000c5580000, 0x00000000eab00000)
  object space 87552K, 0% used [0x00000000c0000000,0x00000000c0000000,0x00000000c5580000)
 Metaspace       used 766K, capacity 4480K, committed 4480K, reserved 1056768K
  class space    used 75K, capacity 384K, committed 384K, reserved 1048576K

Card table byte_map: [0x00000000127a0000,0x00000000129b0000] byte_map_base: 0x00000000121a0000

Marking Bits: (ParMarkBitMap*) 0x0000000056ba4040
 Begin Bits: [0x0000000012f10000, 0x0000000013f10000)
 End Bits:   [0x0000000013f10000, 0x0000000014f10000)

Polling page: 0x0000000001440000

CodeCache: size=245760Kb used=328Kb max_used=328Kb free=245431Kb
 bounds [0x00000000033e0000, 0x0000000003650000, 0x00000000123e0000]
 total_blobs=57 nmethods=0 adapters=37
 compilation: enabled

Compilation events (0 events):
No events

GC Heap History (0 events):
No events

Deoptimization events (0 events):
No events

Internal exceptions (0 events):
No events

Events (10 events):
Event: 0.040 loading class java/lang/Short
Event: 0.040 loading class java/lang/Short done
Event: 0.040 loading class java/lang/Integer
Event: 0.040 loading class java/lang/Integer done
Event: 0.040 loading class java/lang/Long
Event: 0.040 loading class java/lang/Long done
Event: 0.041 loading class java/lang/NullPointerException
Event: 0.041 loading class java/lang/NullPointerException done
Event: 0.041 loading class java/lang/ArithmeticException
Event: 0.041 loading class java/lang/ArithmeticException done


Dynamic libraries:
0x00007ff7c9430000 - 0x00007ff7c9467000 	C:\Program Files\Java\jdk1.8.0_51\bin\java.exe
0x00007ffb09040000 - 0x00007ffb0921b000 	C:\WINDOWS\SYSTEM32\ntdll.dll
0x00007ffb065a0000 - 0x00007ffb0664e000 	C:\WINDOWS\System32\KERNEL32.DLL
0x00007ffb05a30000 - 0x00007ffb05c79000 	C:\WINDOWS\System32\KERNELBASE.dll
0x00007ffb07600000 - 0x00007ffb076a1000 	C:\WINDOWS\System32\ADVAPI32.dll
0x00007ffb08af0000 - 0x00007ffb08b8d000 	C:\WINDOWS\System32\msvcrt.dll
0x00007ffb06db0000 - 0x00007ffb06e09000 	C:\WINDOWS\System32\sechost.dll
0x00007ffb08bc0000 - 0x00007ffb08ce5000 	C:\WINDOWS\System32\RPCRT4.dll
0x00007ffb071d0000 - 0x00007ffb0731a000 	C:\WINDOWS\System32\USER32.dll
0x00007ffb059b0000 - 0x00007ffb059ce000 	C:\WINDOWS\System32\win32u.dll
0x00007ffb08e30000 - 0x00007ffb08e57000 	C:\WINDOWS\System32\GDI32.dll
0x00007ffb05560000 - 0x00007ffb056e8000 	C:\WINDOWS\System32\gdi32full.dll
0x00007ffb058c0000 - 0x00007ffb0595a000 	C:\WINDOWS\System32\msvcp_win.dll
0x00007ffb05c80000 - 0x00007ffb05d76000 	C:\WINDOWS\System32\ucrtbase.dll
0x00007ffafb520000 - 0x00007ffafb787000 	C:\WINDOWS\WinSxS\amd64_microsoft.windows.common-controls_6595b64144ccf1df_6.0.15063.483_none_26002d27e7c744a2\COMCTL32.dll
0x00007ffb06e10000 - 0x00007ffb07109000 	C:\WINDOWS\System32\combase.dll
0x00007ffb06530000 - 0x00007ffb0659a000 	C:\WINDOWS\System32\bcryptPrimitives.dll
0x00007ffb08b90000 - 0x00007ffb08bbd000 	C:\WINDOWS\System32\IMM32.DLL
0x00000000573a0000 - 0x0000000057472000 	C:\Program Files\Java\jdk1.8.0_51\jre\bin\msvcr100.dll
0x00000000563a0000 - 0x0000000056c23000 	C:\Program Files\Java\jdk1.8.0_51\jre\bin\server\jvm.dll
0x00007ffb07110000 - 0x00007ffb07118000 	C:\WINDOWS\System32\PSAPI.DLL
0x00007ffaf9550000 - 0x00007ffaf9559000 	C:\WINDOWS\SYSTEM32\WSOCK32.dll
0x00007ffb08ec0000 - 0x00007ffb08f2c000 	C:\WINDOWS\System32\WS2_32.dll
0x00007ffafd2d0000 - 0x00007ffafd2f3000 	C:\WINDOWS\SYSTEM32\WINMM.dll
0x00007ffafbe10000 - 0x00007ffafbe1a000 	C:\WINDOWS\SYSTEM32\VERSION.dll
0x00007ffafce10000 - 0x00007ffafce3b000 	C:\WINDOWS\SYSTEM32\WINMMBASE.dll
0x00007ffb05960000 - 0x00007ffb059a9000 	C:\WINDOWS\System32\cfgmgr32.dll
0x00000000587c0000 - 0x00000000587cf000 	C:\Program Files\Java\jdk1.8.0_51\jre\bin\verify.dll
0x0000000057370000 - 0x0000000057399000 	C:\Program Files\Java\jdk1.8.0_51\jre\bin\java.dll
0x0000000057350000 - 0x0000000057366000 	C:\Program Files\Java\jdk1.8.0_51\jre\bin\zip.dll
0x00007ffb050a0000 - 0x00007ffb05249000 	C:\WINDOWS\SYSTEM32\dbghelp.dll

VM Arguments:
jvm_args: -Djava.awt.headless=true -Xmx1024M -Dfile.encoding=GBK -Duser.country=CN -Duser.language=zh -Duser.variant 
java_command: com.android.dx.command.Main --dex --force-jumbo --num-threads=4 --multi-dex --output D:\Android\AndroidStudioProjects\GestureLanucher\wear\build\intermediates\transforms\dex\debug\folders\1000\5\slice_2 D:\Android\AndroidStudioProjects\GestureLanucher\wear\build\intermediates\transforms\instantRunSlicer\debug\folders\1\5\slice_2
java_class_path (initial): D:\Android\sdk\build-tools\26.0.0\lib\dx.jar
Launcher Type: SUN_STANDARD

Environment Variables:
JAVA_HOME=C:\Program Files\Java\jdk1.8.0_51
CLASSPATH=.;C:\Program Files\Java\jdk1.8.0_51\lib\dt.jar;C:\Program Files\Java\jdk1.8.0_51\lib\tools.jar;
PATH=D:\MentorGraphics\9.5PADS\SDD_HOME\common\win32\bin;D:\MentorGraphics\9.5PADS\SDD_HOME\common\win32\lib;D:\MentorGraphics\9.5PADS\MGC_HOME.ixn\bin;D:\MentorGraphics\9.5PADS\MGC_HOME.ixn\lib;C:\WINDOWS\system32;C:\WINDOWS;C:\WINDOWS\System32\Wbem;C:\Program Files\Java\jdk1.8.0_51\bin;C:\Users\子恒\AppData\Local\Programs\Python\Python36\Scripts\;C:\Users\子恒\AppData\Local\Programs\Python\Python36\;C:\Program Files\Intel\WiFi\bin\;C:\Program Files\Common Files\Intel\WirelessCommon\;C:\Users\子恒\AppData\Local\Microsoft\WindowsApps;D:\MentorGraphics\9.5PADS\SDD_HOME\common\win32\lib;
USERNAME=子恒
OS=Windows_NT
PROCESSOR_IDENTIFIER=Intel64 Family 6 Model 58 Stepping 9, GenuineIntel



---------------  S Y S T E M  ---------------

OS: Windows 10.0 , 64 bit Build 15063 (10.0.15063.296)

CPU:total 4 (2 cores per cpu, 2 threads per core) family 6 model 58 stepping 9, cmov, cx8, fxsr, mmx, sse, sse2, sse3, ssse3, sse4.1, sse4.2, popcnt, avx, aes, clmul, erms, ht, tsc, tscinvbit, tscinv

Memory: 4k page, physical 8285464k(1433336k free), swap 12479768k(228860k free)

vm_info: Java HotSpot(TM) 64-Bit Server VM (25.51-b03) for windows-amd64 JRE (1.8.0_51-b16), built on Jun  8 2015 18:03:07 by "java_re" with MS VC++ 10.0 (VS2010)

time: Sun Oct 08 23:08:13 2017
elapsed time: 0 seconds (0d 0h 0m 0s)

