#
# There is insufficient memory for the Java Runtime Environment to continue.
# Native memory allocation (malloc) failed to allocate 32744 bytes for ChunkPool::allocate
# Possible reasons:
#   The system is out of physical RAM or swap space
#   In 32 bit mode, the process size limit was hit
# Possible solutions:
#   Reduce memory load on the system
#   Increase physical memory or swap space
#   Check if swap backing store is full
#   Use 64 bit Java on a 64 bit OS
#   Decrease Java heap size (-Xmx/-Xms)
#   Decrease number of Java threads
#   Decrease Java thread stack sizes (-Xss)
#   Set larger code cache with -XX:ReservedCodeCacheSize=
# This output file may be truncated or incomplete.
#
#  Out of Memory Error (allocation.cpp:273), pid=48172, tid=52532
#
# JRE version: Java(TM) SE Runtime Environment (8.0_51-b16) (build 1.8.0_51-b16)
# Java VM: Java HotSpot(TM) 64-Bit Server VM (25.51-b03 mixed mode windows-amd64 compressed oops)
# Failed to write core dump. Minidumps are not enabled by default on client versions of Windows
#

---------------  T H R E A D  ---------------

Current thread (0x0000000016cdb800):  JavaThread "pool-2-thread-3" [_thread_in_vm, id=52532, stack(0x0000000017560000,0x0000000017660000)]

Stack: [0x0000000017560000,0x0000000017660000]
Native frames: (J=compiled Java code, j=interpreted, Vv=VM code, C=native code)
V  [jvm.dll+0x32b4ca]
V  [jvm.dll+0x2797e3]
V  [jvm.dll+0x27a479]
V  [jvm.dll+0x271765]
V  [jvm.dll+0xcb824]
V  [jvm.dll+0xcba47]
V  [jvm.dll+0xcbecc]
V  [jvm.dll+0x59025]
V  [jvm.dll+0x5cb0d]
V  [jvm.dll+0x7b105]
V  [jvm.dll+0x190151]
V  [jvm.dll+0x1904eb]
C  [java.dll+0x1e58]
C  0x0000000002c45e34

Java frames: (J=compiled Java code, j=interpreted, Vv=VM code)
j  java.lang.ClassLoader.defineClass1(Ljava/lang/String;[BIILjava/security/ProtectionDomain;Ljava/lang/String;)Ljava/lang/Class;+0
j  java.lang.ClassLoader.defineClass(Ljava/lang/String;[BIILjava/security/ProtectionDomain;)Ljava/lang/Class;+27
j  java.security.SecureClassLoader.defineClass(Ljava/lang/String;[BIILjava/security/CodeSource;)Ljava/lang/Class;+12
j  java.net.URLClassLoader.defineClass(Ljava/lang/String;Lsun/misc/Resource;)Ljava/lang/Class;+138
J 235 C1 java.net.URLClassLoader$1.run()Ljava/lang/Class; (63 bytes) @ 0x0000000002db516c [0x0000000002db4ea0+0x2cc]
J 234 C1 java.net.URLClassLoader$1.run()Ljava/lang/Object; (5 bytes) @ 0x0000000002db4b0c [0x0000000002db4a80+0x8c]
v  ~StubRoutines::call_stub
J 233  java.security.AccessController.doPrivileged(Ljava/security/PrivilegedExceptionAction;Ljava/security/AccessControlContext;)Ljava/lang/Object; (0 bytes) @ 0x0000000002db43e6 [0x0000000002db4380+0x66]
J 224 C1 java.net.URLClassLoader.findClass(Ljava/lang/String;)Ljava/lang/Class; (47 bytes) @ 0x0000000002daf1c4 [0x0000000002daf040+0x184]
J 120 C1 java.lang.ClassLoader.loadClass(Ljava/lang/String;Z)Ljava/lang/Class; (122 bytes) @ 0x0000000002d705ac [0x0000000002d6fc40+0x96c]
J 209 C1 sun.misc.Launcher$AppClassLoader.loadClass(Ljava/lang/String;Z)Ljava/lang/Class; (85 bytes) @ 0x0000000002da7664 [0x0000000002da6cc0+0x9a4]
J 208 C1 java.lang.ClassLoader.loadClass(Ljava/lang/String;)Ljava/lang/Class; (7 bytes) @ 0x0000000002da650c [0x0000000002da6400+0x10c]
v  ~StubRoutines::call_stub
j  com.android.dx.ssa.SsaConverter.convertToSsaMethod(Lcom/android/dx/rop/code/RopMethod;IZ)Lcom/android/dx/ssa/SsaMethod;+24
j  com.android.dx.ssa.Optimizer.optimize(Lcom/android/dx/rop/code/RopMethod;IZZLcom/android/dx/rop/code/TranslationAdvice;Ljava/util/EnumSet;)Lcom/android/dx/rop/code/RopMethod;+15
j  com.android.dx.ssa.Optimizer.optimize(Lcom/android/dx/rop/code/RopMethod;IZZLcom/android/dx/rop/code/TranslationAdvice;)Lcom/android/dx/rop/code/RopMethod;+11
j  com.android.dx.dex.cf.CfTranslator.processMethods(Lcom/android/dx/command/dexer/DxContext;Lcom/android/dx/cf/direct/DirectClassFile;Lcom/android/dx/dex/cf/CfOptions;Lcom/android/dx/dex/DexOptions;Lcom/android/dx/dex/file/ClassDefItem;Lcom/android/dx/dex/file/DexFile;)V+270
j  com.android.dx.dex.cf.CfTranslator.translate0(Lcom/android/dx/command/dexer/DxContext;Lcom/android/dx/cf/direct/DirectClassFile;[BLcom/android/dx/dex/cf/CfOptions;Lcom/android/dx/dex/DexOptions;Lcom/android/dx/dex/file/DexFile;)Lcom/android/dx/dex/file/ClassDefItem;+126
j  com.android.dx.dex.cf.CfTranslator.translate(Lcom/android/dx/command/dexer/DxContext;Lcom/android/dx/cf/direct/DirectClassFile;[BLcom/android/dx/dex/cf/CfOptions;Lcom/android/dx/dex/DexOptions;Lcom/android/dx/dex/file/DexFile;)Lcom/android/dx/dex/file/ClassDefItem;+8
j  com.android.dx.command.dexer.Main.translateClass([BLcom/android/dx/cf/direct/DirectClassFile;)Lcom/android/dx/dex/file/ClassDefItem;+24
j  com.android.dx.command.dexer.Main.access$2700(Lcom/android/dx/command/dexer/Main;[BLcom/android/dx/cf/direct/DirectClassFile;)Lcom/android/dx/dex/file/ClassDefItem;+3
j  com.android.dx.command.dexer.Main$ClassTranslatorTask.call()Lcom/android/dx/dex/file/ClassDefItem;+12
j  com.android.dx.command.dexer.Main$ClassTranslatorTask.call()Ljava/lang/Object;+1
j  java.util.concurrent.FutureTask.run()V+42
j  java.util.concurrent.ThreadPoolExecutor.runWorker(Ljava/util/concurrent/ThreadPoolExecutor$Worker;)V+95
j  java.util.concurrent.ThreadPoolExecutor$Worker.run()V+5
j  java.lang.Thread.run()V+11
v  ~StubRoutines::call_stub

---------------  P R O C E S S  ---------------

Java Threads: ( => current thread )
  0x0000000016cf5800 JavaThread "pool-2-thread-4" [_thread_in_vm, id=52536, stack(0x0000000017660000,0x0000000017760000)]
=>0x0000000016cdb800 JavaThread "pool-2-thread-3" [_thread_in_vm, id=52532, stack(0x0000000017560000,0x0000000017660000)]
  0x0000000016bd6800 JavaThread "pool-2-thread-2" [_thread_blocked, id=52564, stack(0x0000000017460000,0x0000000017560000)]
  0x0000000016bd3000 JavaThread "pool-3-thread-1" [_thread_blocked, id=52560, stack(0x0000000017360000,0x0000000017460000)]
  0x0000000016bd2800 JavaThread "pool-2-thread-1" [_thread_blocked, id=52552, stack(0x0000000017260000,0x0000000017360000)]
  0x0000000016ac1000 JavaThread "Service Thread" daemon [_thread_blocked, id=43524, stack(0x0000000017060000,0x0000000017160000)]
  0x0000000016abe800 JavaThread "C1 CompilerThread2" daemon [_thread_blocked, id=44776, stack(0x0000000016f60000,0x0000000017060000)]
  0x0000000016ab8800 JavaThread "C2 CompilerThread1" daemon [_thread_blocked, id=52700, stack(0x0000000016e60000,0x0000000016f60000)]
  0x000000001535d800 JavaThread "C2 CompilerThread0" daemon [_thread_blocked, id=52648, stack(0x0000000016960000,0x0000000016a60000)]
  0x000000001535b000 JavaThread "Attach Listener" daemon [_thread_blocked, id=52668, stack(0x0000000016860000,0x0000000016960000)]
  0x0000000015310800 JavaThread "Signal Dispatcher" daemon [_thread_blocked, id=52888, stack(0x0000000016760000,0x0000000016860000)]
  0x0000000002c22000 JavaThread "Finalizer" daemon [_thread_blocked, id=52664, stack(0x0000000016560000,0x0000000016660000)]
  0x0000000002c1f000 JavaThread "Reference Handler" daemon [_thread_blocked, id=52672, stack(0x0000000016460000,0x0000000016560000)]
  0x0000000002a2e000 JavaThread "main" [_thread_blocked, id=50364, stack(0x0000000002a30000,0x0000000002b30000)]

Other Threads:
  0x00000000152c8000 VMThread [stack: 0x0000000016360000,0x0000000016460000] [id=41764]
  0x0000000016ac2800 WatcherThread [stack: 0x0000000017160000,0x0000000017260000] [id=42340]

VM state:synchronizing (normal execution)

VM Mutex/Monitor currently owned by a thread:  ([mutex/lock_event])
[0x0000000002a2ce40] Threads_lock - owner thread: 0x00000000152c8000

Heap:
 PSYoungGen      total 38400K, used 9353K [0x00000000eab00000, 0x00000000ed580000, 0x0000000100000000)
  eden space 33280K, 28% used [0x00000000eab00000,0x00000000eb422590,0x00000000ecb80000)
  from space 5120K, 0% used [0x00000000ed080000,0x00000000ed080000,0x00000000ed580000)
  to   space 5120K, 0% used [0x00000000ecb80000,0x00000000ecb80000,0x00000000ed080000)
 ParOldGen       total 87552K, used 0K [0x00000000c0000000, 0x00000000c5580000, 0x00000000eab00000)
  object space 87552K, 0% used [0x00000000c0000000,0x00000000c0000000,0x00000000c5580000)
 Metaspace       used 4720K, capacity 5872K, committed 6016K, reserved 1056768K
  class space    used 513K, capacity 552K, committed 640K, reserved 1048576K

Card table byte_map: [0x0000000011ff0000,0x0000000012200000] byte_map_base: 0x00000000119f0000

Marking Bits: (ParMarkBitMap*) 0x0000000077244040
 Begin Bits: [0x0000000012760000, 0x0000000013760000)
 End Bits:   [0x0000000013760000, 0x0000000014760000)

Polling page: 0x0000000000980000

CodeCache: size=245760Kb used=1818Kb max_used=1818Kb free=243941Kb
 bounds [0x0000000002c30000, 0x0000000002ea0000, 0x0000000011c30000]
 total_blobs=583 nmethods=316 adapters=180
 compilation: enabled

Compilation events (10 events):
Event: 1.431 Thread 0x0000000016abe800  285       1       com.android.dx.ssa.SsaMethod::getBlocks (5 bytes)
Event: 1.431 Thread 0x0000000016abe800 nmethod 285 0x0000000002dc9cd0 code [0x0000000002dc9e20, 0x0000000002dc9f30]
Event: 1.431 Thread 0x0000000016abe800  292       1       com.android.dx.ssa.SsaMethod::getExitBlockIndex (5 bytes)
Event: 1.431 Thread 0x0000000016abe800 nmethod 292 0x0000000002dc9a10 code [0x0000000002dc9b60, 0x0000000002dc9c70]
Event: 1.431 Thread 0x0000000016abe800  284       1       com.android.dx.rop.code.BasicBlock::getInsns (5 bytes)
Event: 1.431 Thread 0x0000000016abe800 nmethod 284 0x0000000002dc9750 code [0x0000000002dc98a0, 0x0000000002dc99b0]
Event: 1.431 Thread 0x0000000016abe800  295       1       com.android.dx.rop.code.RegisterSpec::getLocalItem (5 bytes)
Event: 1.431 Thread 0x0000000016abe800 nmethod 295 0x0000000002dee6d0 code [0x0000000002dee820, 0x0000000002dee930]
Event: 1.431 Thread 0x0000000016abe800  272       3       java.util.concurrent.ConcurrentHashMap::get (162 bytes)
Event: 1.432 Thread 0x0000000016abe800 nmethod 272 0x0000000002dee990 code [0x0000000002deeba0, 0x0000000002def718]

GC Heap History (0 events):
No events

Deoptimization events (0 events):
No events

Internal exceptions (2 events):
Event: 0.216 Thread 0x0000000002a2e000 Exception <a 'java/lang/NoSuchMethodError': Method sun.misc.Unsafe.defineClass(Ljava/lang/String;[BII)Ljava/lang/Class; name or signature does not match> (0x00000000eab12f08) thrown at [C:\re\workspace\8-2-build-windows-amd64-cygwin\jdk8u51\3951\hotspot\srbN?
Event: 0.216 Thread 0x0000000002a2e000 Exception <a 'java/lang/NoSuchMethodError': Method sun.misc.Unsafe.prefetchRead(Ljava/lang/Object;J)V name or signature does not match> (0x00000000eab13198) thrown at [C:\re\workspace\8-2-build-windows-amd64-cygwin\jdk8u51\3951\hotspot\src\share\vm\prims\j

Events (10 events):
Event: 1.419 loading class com/android/dx/util/BitIntSet
Event: 1.419 loading class com/android/dx/util/BitIntSet done
Event: 1.419 loading class com/android/dx/util/IntIterator
Event: 1.419 loading class com/android/dx/util/IntIterator done
Event: 1.421 loading class com/android/dx/util/BitIntSet$1
Event: 1.421 loading class com/android/dx/util/BitIntSet$1 done
Event: 1.421 loading class com/android/dx/ssa/PhiInsn
Event: 1.421 loading class com/android/dx/ssa/PhiInsn done
Event: 1.423 loading class com/android/dx/ssa/SsaRenamer
Event: 1.423 loading class com/android/dx/ssa/SsaRenamer done


Dynamic libraries:
0x00007ff67ace0000 - 0x00007ff67ad17000 	C:\Program Files\Java\jdk1.8.0_51\bin\java.exe
0x00007ffc3da50000 - 0x00007ffc3dc2b000 	C:\WINDOWS\SYSTEM32\ntdll.dll
0x00007ffc3bd10000 - 0x00007ffc3bdbe000 	C:\WINDOWS\System32\KERNEL32.DLL
0x00007ffc3a450000 - 0x00007ffc3a699000 	C:\WINDOWS\System32\KERNELBASE.dll
0x00007ffc3b5c0000 - 0x00007ffc3b661000 	C:\WINDOWS\System32\ADVAPI32.dll
0x00007ffc3bab0000 - 0x00007ffc3bb4d000 	C:\WINDOWS\System32\msvcrt.dll
0x00007ffc3bca0000 - 0x00007ffc3bcf9000 	C:\WINDOWS\System32\sechost.dll
0x00007ffc3bdf0000 - 0x00007ffc3bf15000 	C:\WINDOWS\System32\RPCRT4.dll
0x00007ffc3d7f0000 - 0x00007ffc3d93a000 	C:\WINDOWS\System32\USER32.dll
0x00007ffc39fd0000 - 0x00007ffc39fee000 	C:\WINDOWS\System32\win32u.dll
0x00007ffc3bdc0000 - 0x00007ffc3bde7000 	C:\WINDOWS\System32\GDI32.dll
0x00007ffc39ff0000 - 0x00007ffc3a177000 	C:\WINDOWS\System32\gdi32full.dll
0x00007ffc3a6a0000 - 0x00007ffc3a73a000 	C:\WINDOWS\System32\msvcp_win.dll
0x00007ffc3a740000 - 0x00007ffc3a836000 	C:\WINDOWS\System32\ucrtbase.dll
0x00007ffc2f360000 - 0x00007ffc2f5c7000 	C:\WINDOWS\WinSxS\amd64_microsoft.windows.common-controls_6595b64144ccf1df_6.0.15063.483_none_26002d27e7c744a2\COMCTL32.dll
0x00007ffc3d4f0000 - 0x00007ffc3d7e9000 	C:\WINDOWS\System32\combase.dll
0x00007ffc3a840000 - 0x00007ffc3a8aa000 	C:\WINDOWS\System32\bcryptPrimitives.dll
0x00007ffc3bb50000 - 0x00007ffc3bb7d000 	C:\WINDOWS\System32\IMM32.DLL
0x0000000050020000 - 0x00000000500f2000 	C:\Program Files\Java\jdk1.8.0_51\jre\bin\msvcr100.dll
0x0000000076a40000 - 0x00000000772c3000 	C:\Program Files\Java\jdk1.8.0_51\jre\bin\server\jvm.dll
0x00007ffc3b5b0000 - 0x00007ffc3b5b8000 	C:\WINDOWS\System32\PSAPI.DLL
0x00007ffc2d8c0000 - 0x00007ffc2d8c9000 	C:\WINDOWS\SYSTEM32\WSOCK32.dll
0x00007ffc3c040000 - 0x00007ffc3c0ac000 	C:\WINDOWS\System32\WS2_32.dll
0x00007ffc2f820000 - 0x00007ffc2f843000 	C:\WINDOWS\SYSTEM32\WINMM.dll
0x00007ffc30340000 - 0x00007ffc3034a000 	C:\WINDOWS\SYSTEM32\VERSION.dll
0x00007ffc2ed10000 - 0x00007ffc2ed3b000 	C:\WINDOWS\SYSTEM32\WINMMBASE.dll
0x00007ffc3a230000 - 0x00007ffc3a279000 	C:\WINDOWS\System32\cfgmgr32.dll
0x0000000050010000 - 0x000000005001f000 	C:\Program Files\Java\jdk1.8.0_51\jre\bin\verify.dll
0x0000000076a10000 - 0x0000000076a39000 	C:\Program Files\Java\jdk1.8.0_51\jre\bin\java.dll
0x00000000769f0000 - 0x0000000076a06000 	C:\Program Files\Java\jdk1.8.0_51\jre\bin\zip.dll
0x00007ffc3c0b0000 - 0x00007ffc3d4e6000 	C:\WINDOWS\System32\SHELL32.dll
0x00007ffc3bbe0000 - 0x00007ffc3bc8a000 	C:\WINDOWS\System32\shcore.dll
0x00007ffc3a8b0000 - 0x00007ffc3afa1000 	C:\WINDOWS\System32\windows.storage.dll
0x00007ffc3bf20000 - 0x00007ffc3bf71000 	C:\WINDOWS\System32\shlwapi.dll
0x00007ffc39ec0000 - 0x00007ffc39ed1000 	C:\WINDOWS\System32\kernel.appcore.dll
0x00007ffc39f00000 - 0x00007ffc39f4c000 	C:\WINDOWS\System32\powrprof.dll
0x00007ffc39f50000 - 0x00007ffc39f65000 	C:\WINDOWS\System32\profapi.dll
0x00007ffc39a90000 - 0x00007ffc39c39000 	C:\WINDOWS\SYSTEM32\dbghelp.dll

VM Arguments:
jvm_args: -Djava.awt.headless=true -Xmx1024M -Dfile.encoding=GBK -Duser.country=CN -Duser.language=zh -Duser.variant 
java_command: com.android.dx.command.Main --dex --force-jumbo --num-threads=4 --multi-dex --output D:\Android\AndroidStudioProjects\GestureLanucher\wear\build\intermediates\transforms\dex\debug\folders\1000\5\slice_2 D:\Android\AndroidStudioProjects\GestureLanucher\wear\build\intermediates\transforms\instantRunSlicer\debug\folders\1\5\slice_2
java_class_path (initial): D:\Android\sdk\build-tools\26.0.0\lib\dx.jar
Launcher Type: SUN_STANDARD

Environment Variables:
JAVA_HOME=C:\Program Files\Java\jdk1.8.0_51
CLASSPATH=.;C:\Program Files\Java\jdk1.8.0_51\lib\dt.jar;C:\Program Files\Java\jdk1.8.0_51\lib\tools.jar;
PATH=D:\MentorGraphics\9.5PADS\SDD_HOME\common\win32\bin;D:\MentorGraphics\9.5PADS\SDD_HOME\common\win32\lib;D:\MentorGraphics\9.5PADS\MGC_HOME.ixn\bin;D:\MentorGraphics\9.5PADS\MGC_HOME.ixn\lib;C:\WINDOWS\system32;C:\WINDOWS;C:\WINDOWS\System32\Wbem;C:\Program Files\Java\jdk1.8.0_51\bin;C:\Users\子恒\AppData\Local\Programs\Python\Python36\Scripts\;C:\Users\子恒\AppData\Local\Programs\Python\Python36\;C:\Program Files\Intel\WiFi\bin\;C:\Program Files\Common Files\Intel\WirelessCommon\;C:\Users\子恒\AppData\Local\Microsoft\WindowsApps;D:\MentorGraphics\9.5PADS\SDD_HOME\common\win32\lib;
USERNAME=子恒
OS=Windows_NT
PROCESSOR_IDENTIFIER=Intel64 Family 6 Model 58 Stepping 9, GenuineIntel



---------------  S Y S T E M  ---------------

OS: Windows 10.0 , 64 bit Build 15063 (10.0.15063.296)

CPU:total 4 (2 cores per cpu, 2 threads per core) family 6 model 58 stepping 9, cmov, cx8, fxsr, mmx, sse, sse2, sse3, ssse3, sse4.1, sse4.2, popcnt, avx, aes, clmul, erms, ht, tsc, tscinvbit, tscinv

Memory: 4k page, physical 8285464k(1041272k free), swap 12479768k(409392k free)

vm_info: Java HotSpot(TM) 64-Bit Server VM (25.51-b03) for windows-amd64 JRE (1.8.0_51-b16), built on Jun  8 2015 18:03:07 by "java_re" with MS VC++ 10.0 (VS2010)

time: Tue Oct 24 20:59:55 2017
elapsed time: 2 seconds (0d 0h 0m 2s)

