#
# There is insufficient memory for the Java Runtime Environment to continue.
# Native memory allocation (malloc) failed to allocate 2240 bytes for AllocateHeap
# Possible reasons:
#   The system is out of physical RAM or swap space
#   In 32 bit mode, the process size limit was hit
# Possible solutions:
#   Reduce memory load on the system
#   Increase physical memory or swap space
#   Check if swap backing store is full
#   Use 64 bit Java on a 64 bit OS
#   Decrease Java heap size (-Xmx/-Xms)
#   Decrease number of Java threads
#   Decrease Java thread stack sizes (-Xss)
#   Set larger code cache with -XX:ReservedCodeCacheSize=
# This output file may be truncated or incomplete.
#
#  Out of Memory Error (memory/allocation.inline.hpp:61), pid=31576, tid=31740
#
# JRE version: Java(TM) SE Runtime Environment (8.0_51-b16) (build 1.8.0_51-b16)
# Java VM: Java HotSpot(TM) 64-Bit Server VM (25.51-b03 mixed mode windows-amd64 compressed oops)
# Failed to write core dump. Minidumps are not enabled by default on client versions of Windows
#

---------------  T H R E A D  ---------------

Current thread (0x000000000321e000):  JavaThread "main" [_thread_in_vm, id=31740, stack(0x0000000003090000,0x0000000003190000)]

Stack: [0x0000000003090000,0x0000000003190000]
Native frames: (J=compiled Java code, j=interpreted, Vv=VM code, C=native code)
V  [jvm.dll+0x32b4ca]
V  [jvm.dll+0x2797e3]
V  [jvm.dll+0x27a479]
V  [jvm.dll+0x271765]
V  [jvm.dll+0x1606]
V  [jvm.dll+0x75232]
V  [jvm.dll+0x75e00]
V  [jvm.dll+0x773c4]
V  [jvm.dll+0x53c71]
V  [jvm.dll+0x53fd9]
V  [jvm.dll+0x5c1d7]
V  [jvm.dll+0x7b105]
V  [jvm.dll+0x190151]
V  [jvm.dll+0x1904eb]
C  [java.dll+0x1e58]
C  0x0000000003335e34

Java frames: (J=compiled Java code, j=interpreted, Vv=VM code)
j  java.lang.ClassLoader.defineClass1(Ljava/lang/String;[BIILjava/security/ProtectionDomain;Ljava/lang/String;)Ljava/lang/Class;+0
j  java.lang.ClassLoader.defineClass(Ljava/lang/String;[BIILjava/security/ProtectionDomain;)Ljava/lang/Class;+27
j  java.security.SecureClassLoader.defineClass(Ljava/lang/String;[BIILjava/security/CodeSource;)Ljava/lang/Class;+12
j  java.net.URLClassLoader.defineClass(Ljava/lang/String;Lsun/misc/Resource;)Ljava/lang/Class;+138
j  java.net.URLClassLoader.access$100(Ljava/net/URLClassLoader;Ljava/lang/String;Lsun/misc/Resource;)Ljava/lang/Class;+3
j  java.net.URLClassLoader$1.run()Ljava/lang/Class;+43
j  java.net.URLClassLoader$1.run()Ljava/lang/Object;+1
v  ~StubRoutines::call_stub
j  java.security.AccessController.doPrivileged(Ljava/security/PrivilegedExceptionAction;Ljava/security/AccessControlContext;)Ljava/lang/Object;+0
j  java.net.URLClassLoader.findClass(Ljava/lang/String;)Ljava/lang/Class;+13
j  java.lang.ClassLoader.loadClass(Ljava/lang/String;Z)Ljava/lang/Class;+70
j  sun.misc.Launcher$AppClassLoader.loadClass(Ljava/lang/String;Z)Ljava/lang/Class;+81
j  java.lang.ClassLoader.loadClass(Ljava/lang/String;)Ljava/lang/Class;+3
j  sun.launcher.LauncherHelper.checkAndLoadMain(ZILjava/lang/String;)Ljava/lang/Class;+93
v  ~StubRoutines::call_stub

---------------  P R O C E S S  ---------------

Java Threads: ( => current thread )
  0x00000000171e3800 JavaThread "Service Thread" daemon [_thread_blocked, id=30944, stack(0x0000000017750000,0x0000000017850000)]
  0x0000000017160000 JavaThread "C1 CompilerThread2" daemon [_thread_blocked, id=30864, stack(0x0000000017650000,0x0000000017750000)]
  0x0000000017150800 JavaThread "C2 CompilerThread1" daemon [_thread_blocked, id=30872, stack(0x0000000017550000,0x0000000017650000)]
  0x0000000015a4d000 JavaThread "C2 CompilerThread0" daemon [_thread_blocked, id=30824, stack(0x0000000017050000,0x0000000017150000)]
  0x0000000015a4a800 JavaThread "Attach Listener" daemon [_thread_blocked, id=30868, stack(0x0000000016f50000,0x0000000017050000)]
  0x0000000015a00000 JavaThread "Signal Dispatcher" daemon [_thread_blocked, id=30916, stack(0x0000000016e50000,0x0000000016f50000)]
  0x0000000003318000 JavaThread "Finalizer" daemon [_thread_blocked, id=31044, stack(0x0000000016c50000,0x0000000016d50000)]
  0x000000000330f000 JavaThread "Reference Handler" daemon [_thread_blocked, id=31100, stack(0x0000000016b50000,0x0000000016c50000)]
=>0x000000000321e000 JavaThread "main" [_thread_in_vm, id=31740, stack(0x0000000003090000,0x0000000003190000)]

Other Threads:
  0x00000000159b8000 VMThread [stack: 0x0000000016a50000,0x0000000016b50000] [id=31096]
  0x00000000171e5000 WatcherThread [stack: 0x0000000017850000,0x0000000017950000] [id=31620]

VM state:not at safepoint (normal execution)

VM Mutex/Monitor currently owned by a thread:  ([mutex/lock_event])
[0x000000000321d910] SymbolTable_lock - owner thread: 0x000000000321e000

Heap:
 PSYoungGen      total 38400K, used 2662K [0x00000000eab00000, 0x00000000ed580000, 0x0000000100000000)
  eden space 33280K, 8% used [0x00000000eab00000,0x00000000ead99a58,0x00000000ecb80000)
  from space 5120K, 0% used [0x00000000ed080000,0x00000000ed080000,0x00000000ed580000)
  to   space 5120K, 0% used [0x00000000ecb80000,0x00000000ecb80000,0x00000000ed080000)
 ParOldGen       total 87552K, used 0K [0x00000000c0000000, 0x00000000c5580000, 0x00000000eab00000)
  object space 87552K, 0% used [0x00000000c0000000,0x00000000c0000000,0x00000000c5580000)
 Metaspace       used 2917K, capacity 4484K, committed 4736K, reserved 1056768K
  class space    used 309K, capacity 384K, committed 384K, reserved 1048576K

Card table byte_map: [0x00000000126e0000,0x00000000128f0000] byte_map_base: 0x00000000120e0000

Marking Bits: (ParMarkBitMap*) 0x0000000057ed4040
 Begin Bits: [0x0000000012e50000, 0x0000000013e50000)
 End Bits:   [0x0000000013e50000, 0x0000000014e50000)

Polling page: 0x0000000001490000

CodeCache: size=245760Kb used=1153Kb max_used=1175Kb free=244606Kb
 bounds [0x0000000003320000, 0x0000000003590000, 0x0000000012320000]
 total_blobs=288 nmethods=41 adapters=160
 compilation: enabled

Compilation events (10 events):
Event: 0.165 Thread 0x0000000017160000   33       3       java.util.HashMap::newNode (13 bytes)
Event: 0.166 Thread 0x0000000017160000 nmethod 33 0x000000000343ec90 code [0x000000000343ee00, 0x000000000343f0b0]
Event: 0.168 Thread 0x0000000017160000   38       3       java.util.jar.Attributes$Name::isValid (32 bytes)
Event: 0.169 Thread 0x0000000017160000 nmethod 38 0x000000000343f7d0 code [0x000000000343f960, 0x000000000343fdf0]
Event: 0.169 Thread 0x0000000017160000   39       3       java.util.jar.Attributes$Name::isAlpha (30 bytes)
Event: 0.169 Thread 0x0000000017160000 nmethod 39 0x000000000343fed0 code [0x0000000003440040, 0x0000000003440270]
Event: 0.169 Thread 0x0000000015a4d000   40       4       sun.misc.ASCIICaseInsensitiveComparator::toLower (16 bytes)
Event: 0.169 Thread 0x0000000017150800   41       4       sun.misc.ASCIICaseInsensitiveComparator::isUpper (18 bytes)
Event: 0.169 Thread 0x0000000017150800 nmethod 41 0x0000000003445b90 code [0x0000000003445cc0, 0x0000000003445d18]
Event: 0.169 Thread 0x0000000015a4d000 nmethod 40 0x0000000003442ad0 code [0x0000000003442c00, 0x0000000003442c58]

GC Heap History (0 events):
No events

Deoptimization events (0 events):
No events

Internal exceptions (2 events):
Event: 0.057 Thread 0x000000000321e000 Exception <a 'java/lang/NoSuchMethodError': Method sun.misc.Unsafe.defineClass(Ljava/lang/String;[BII)Ljava/lang/Class; name or signature does not match> (0x00000000eab12f08) thrown at [C:\re\workspace\8-2-build-windows-amd64-cygwin\jdk8u51\3951\hotspot\sr¾€®_8d­?
Event: 0.057 Thread 0x000000000321e000 Exception <a 'java/lang/NoSuchMethodError': Method sun.misc.Unsafe.prefetchRead(Ljava/lang/Object;J)V name or signature does not match> (0x00000000eab13198) thrown at [C:\re\workspace\8-2-build-windows-amd64-cygwin\jdk8u51\3951\hotspot\src\share\vm\prims\j

Events (10 events):
Event: 0.172 loading class java/io/FilePermission$1
Event: 0.172 loading class java/io/FilePermission$1 done
Event: 0.172 loading class java/io/FilePermissionCollection
Event: 0.172 loading class java/io/FilePermissionCollection done
Event: 0.172 loading class java/security/AllPermission
Event: 0.172 loading class java/security/AllPermission done
Event: 0.172 loading class java/security/UnresolvedPermission
Event: 0.172 loading class java/security/UnresolvedPermission done
Event: 0.172 loading class java/security/BasicPermissionCollection
Event: 0.172 loading class java/security/BasicPermissionCollection done


Dynamic libraries:
0x00007ff7821f0000 - 0x00007ff782227000 	C:\Program Files\Java\jdk1.8.0_51\bin\java.exe
0x00007ffb1a470000 - 0x00007ffb1a64b000 	C:\WINDOWS\SYSTEM32\ntdll.dll
0x00007ffb19ea0000 - 0x00007ffb19f4e000 	C:\WINDOWS\System32\KERNEL32.DLL
0x00007ffb16be0000 - 0x00007ffb16e29000 	C:\WINDOWS\System32\KERNELBASE.dll
0x00007ffb17bc0000 - 0x00007ffb17c61000 	C:\WINDOWS\System32\ADVAPI32.dll
0x00007ffb19bf0000 - 0x00007ffb19c8d000 	C:\WINDOWS\System32\msvcrt.dll
0x00007ffb1a1d0000 - 0x00007ffb1a229000 	C:\WINDOWS\System32\sechost.dll
0x00007ffb17a80000 - 0x00007ffb17ba5000 	C:\WINDOWS\System32\RPCRT4.dll
0x00007ffb1a320000 - 0x00007ffb1a46a000 	C:\WINDOWS\System32\USER32.dll
0x00007ffb16e30000 - 0x00007ffb16e4e000 	C:\WINDOWS\System32\win32u.dll
0x00007ffb195d0000 - 0x00007ffb195f7000 	C:\WINDOWS\System32\GDI32.dll
0x00007ffb16e50000 - 0x00007ffb16fd7000 	C:\WINDOWS\System32\gdi32full.dll
0x00007ffb16990000 - 0x00007ffb16a2a000 	C:\WINDOWS\System32\msvcp_win.dll
0x00007ffb16a30000 - 0x00007ffb16b26000 	C:\WINDOWS\System32\ucrtbase.dll
0x00007ffb0a270000 - 0x00007ffb0a4d7000 	C:\WINDOWS\WinSxS\amd64_microsoft.windows.common-controls_6595b64144ccf1df_6.0.15063.483_none_26002d27e7c744a2\COMCTL32.dll
0x00007ffb192b0000 - 0x00007ffb195a9000 	C:\WINDOWS\System32\combase.dll
0x00007ffb17960000 - 0x00007ffb179ca000 	C:\WINDOWS\System32\bcryptPrimitives.dll
0x00007ffb17e40000 - 0x00007ffb17e6d000 	C:\WINDOWS\System32\IMM32.DLL
0x0000000057f60000 - 0x0000000058032000 	C:\Program Files\Java\jdk1.8.0_51\jre\bin\msvcr100.dll
0x00000000576d0000 - 0x0000000057f53000 	C:\Program Files\Java\jdk1.8.0_51\jre\bin\server\jvm.dll
0x00007ffb1a0c0000 - 0x00007ffb1a0c8000 	C:\WINDOWS\System32\PSAPI.DLL
0x00007ffb09ca0000 - 0x00007ffb09ca9000 	C:\WINDOWS\SYSTEM32\WSOCK32.dll
0x00007ffb1a230000 - 0x00007ffb1a29c000 	C:\WINDOWS\System32\WS2_32.dll
0x00007ffb13dd0000 - 0x00007ffb13df3000 	C:\WINDOWS\SYSTEM32\WINMM.dll
0x00007ffb12b40000 - 0x00007ffb12b4a000 	C:\WINDOWS\SYSTEM32\VERSION.dll
0x00007ffb13d80000 - 0x00007ffb13dab000 	C:\WINDOWS\SYSTEM32\WINMMBASE.dll
0x00007ffb16b90000 - 0x00007ffb16bd9000 	C:\WINDOWS\System32\cfgmgr32.dll
0x00000000576c0000 - 0x00000000576cf000 	C:\Program Files\Java\jdk1.8.0_51\jre\bin\verify.dll
0x0000000057690000 - 0x00000000576b9000 	C:\Program Files\Java\jdk1.8.0_51\jre\bin\java.dll
0x0000000057670000 - 0x0000000057686000 	C:\Program Files\Java\jdk1.8.0_51\jre\bin\zip.dll
0x00007ffb17e70000 - 0x00007ffb192a6000 	C:\WINDOWS\System32\SHELL32.dll
0x00007ffb179d0000 - 0x00007ffb17a7a000 	C:\WINDOWS\System32\shcore.dll
0x00007ffb17090000 - 0x00007ffb17781000 	C:\WINDOWS\System32\windows.storage.dll
0x00007ffb17cd0000 - 0x00007ffb17d21000 	C:\WINDOWS\System32\shlwapi.dll
0x00007ffb16970000 - 0x00007ffb16981000 	C:\WINDOWS\System32\kernel.appcore.dll
0x00007ffb16900000 - 0x00007ffb1694c000 	C:\WINDOWS\System32\powrprof.dll
0x00007ffb168e0000 - 0x00007ffb168f5000 	C:\WINDOWS\System32\profapi.dll
0x00007ffb07370000 - 0x00007ffb07519000 	C:\WINDOWS\SYSTEM32\dbghelp.dll

VM Arguments:
jvm_args: -Djava.awt.headless=true -Xmx1024M -Dfile.encoding=GBK -Duser.country=CN -Duser.language=zh -Duser.variant 
java_command: com.android.dx.command.Main --dex --num-threads=4 --output D:\Android\AndroidStudioProjects\GestureLanucher\mobile\build\intermediates\pre-dexed\debug\classes_8f883d6d2247a3061e5855bb5470e562467528b0.jar C:\Users\×Óºã\.android\build-cache\fd9358e97491cbc2ff3de926af7ea88eb9d7d2d9\output\jars\classes.jar
java_class_path (initial): D:\Android\sdk\build-tools\26.0.1\lib\dx.jar
Launcher Type: SUN_STANDARD

Environment Variables:
JAVA_HOME=C:\Program Files\Java\jdk1.8.0_51
CLASSPATH=.;C:\Program Files\Java\jdk1.8.0_51\lib\dt.jar;C:\Program Files\Java\jdk1.8.0_51\lib\tools.jar;
PATH=D:\MentorGraphics\9.5PADS\SDD_HOME\common\win32\bin;D:\MentorGraphics\9.5PADS\SDD_HOME\common\win32\lib;D:\MentorGraphics\9.5PADS\MGC_HOME.ixn\bin;D:\MentorGraphics\9.5PADS\MGC_HOME.ixn\lib;C:\WINDOWS\system32;C:\WINDOWS;C:\WINDOWS\System32\Wbem;C:\Program Files\Java\jdk1.8.0_51\bin;C:\Users\×Óºã\AppData\Local\Programs\Python\Python36\Scripts\;C:\Users\×Óºã\AppData\Local\Programs\Python\Python36\;C:\Program Files\Intel\WiFi\bin\;C:\Program Files\Common Files\Intel\WirelessCommon\;C:\Users\×Óºã\AppData\Local\Microsoft\WindowsApps;D:\MentorGraphics\9.5PADS\SDD_HOME\common\win32\lib;
USERNAME=×Óºã
OS=Windows_NT
PROCESSOR_IDENTIFIER=Intel64 Family 6 Model 58 Stepping 9, GenuineIntel



---------------  S Y S T E M  ---------------

OS: Windows 10.0 , 64 bit Build 15063 (10.0.15063.296)

CPU:total 4 (2 cores per cpu, 2 threads per core) family 6 model 58 stepping 9, cmov, cx8, fxsr, mmx, sse, sse2, sse3, ssse3, sse4.1, sse4.2, popcnt, avx, aes, clmul, erms, ht, tsc, tscinvbit, tscinv

Memory: 4k page, physical 8285464k(1788620k free), swap 12479768k(194024k free)

vm_info: Java HotSpot(TM) 64-Bit Server VM (25.51-b03) for windows-amd64 JRE (1.8.0_51-b16), built on Jun  8 2015 18:03:07 by "java_re" with MS VC++ 10.0 (VS2010)

time: Sun Oct 15 15:12:01 2017
elapsed time: 0 seconds (0d 0h 0m 0s)

