#
# There is insufficient memory for the Java Runtime Environment to continue.
# Native memory allocation (malloc) failed to allocate 32944 bytes for Chunk::new
# Possible reasons:
#   The system is out of physical RAM or swap space
#   In 32 bit mode, the process size limit was hit
# Possible solutions:
#   Reduce memory load on the system
#   Increase physical memory or swap space
#   Check if swap backing store is full
#   Use 64 bit Java on a 64 bit OS
#   Decrease Java heap size (-Xmx/-Xms)
#   Decrease number of Java threads
#   Decrease Java thread stack sizes (-Xss)
#   Set larger code cache with -XX:ReservedCodeCacheSize=
# This output file may be truncated or incomplete.
#
#  Out of Memory Error (allocation.cpp:390), pid=17272, tid=12340
#
# JRE version: Java(TM) SE Runtime Environment (8.0_51-b16) (build 1.8.0_51-b16)
# Java VM: Java HotSpot(TM) 64-Bit Server VM (25.51-b03 mixed mode windows-amd64 compressed oops)
# Failed to write core dump. Minidumps are not enabled by default on client versions of Windows
#

---------------  T H R E A D  ---------------

Current thread (0x0000000002cae000):  JavaThread "main" [_thread_in_native, id=12340, stack(0x0000000002b70000,0x0000000002c70000)]

Stack: [0x0000000002b70000,0x0000000002c70000]
Native frames: (J=compiled Java code, j=interpreted, Vv=VM code, C=native code)
V  [jvm.dll+0x32b4ca]
V  [jvm.dll+0x2797e3]
V  [jvm.dll+0x27a479]
V  [jvm.dll+0x271765]
V  [jvm.dll+0xcba02]
V  [jvm.dll+0xcbecc]
V  [jvm.dll+0x5ec26]
V  [jvm.dll+0x5ed57]
V  [jvm.dll+0x5f0b3]
V  [jvm.dll+0x7b449]
V  [jvm.dll+0x7bd27]
V  [jvm.dll+0x7d3f6]
V  [jvm.dll+0x7d44d]
V  [jvm.dll+0xf5a73]
V  [jvm.dll+0xb9ca3]
V  [jvm.dll+0xc08ca]
V  [jvm.dll+0xc237d]
V  [jvm.dll+0xba806]
C  0x00000000031b20fe

Java frames: (J=compiled Java code, j=interpreted, Vv=VM code)
j  java.lang.invoke.MethodHandle.<clinit>()V+16
v  ~StubRoutines::call_stub

---------------  P R O C E S S  ---------------

Java Threads: ( => current thread )
  0x00000000158be800 JavaThread "C1 CompilerThread2" daemon [_thread_blocked, id=18452, stack(0x00000000174d0000,0x00000000175d0000)]
  0x000000001587d000 JavaThread "C2 CompilerThread1" daemon [_thread_blocked, id=17928, stack(0x00000000173d0000,0x00000000174d0000)]
  0x0000000015870800 JavaThread "C2 CompilerThread0" daemon [_thread_blocked, id=13896, stack(0x00000000172d0000,0x00000000173d0000)]
  0x000000001586f000 JavaThread "Attach Listener" daemon [_thread_blocked, id=17856, stack(0x00000000171d0000,0x00000000172d0000)]
  0x0000000016d13800 JavaThread "Signal Dispatcher" daemon [_thread_blocked, id=17232, stack(0x00000000170d0000,0x00000000171d0000)]
  0x0000000003184000 JavaThread "Finalizer" daemon [_thread_blocked, id=2708, stack(0x0000000016ad0000,0x0000000016bd0000)]
  0x0000000003180800 JavaThread "Reference Handler" daemon [_thread_blocked, id=16164, stack(0x00000000169d0000,0x0000000016ad0000)]
=>0x0000000002cae000 JavaThread "main" [_thread_in_native, id=12340, stack(0x0000000002b70000,0x0000000002c70000)]

Other Threads:
  0x0000000015828000 VMThread [stack: 0x00000000168d0000,0x00000000169d0000] [id=4488]

VM state:not at safepoint (normal execution)

VM Mutex/Monitor currently owned by a thread: None

Heap:
 PSYoungGen      total 38400K, used 1331K [0x00000000eab00000, 0x00000000ed580000, 0x0000000100000000)
  eden space 33280K, 4% used [0x00000000eab00000,0x00000000eac4cd80,0x00000000ecb80000)
  from space 5120K, 0% used [0x00000000ed080000,0x00000000ed080000,0x00000000ed580000)
  to   space 5120K, 0% used [0x00000000ecb80000,0x00000000ecb80000,0x00000000ed080000)
 ParOldGen       total 87552K, used 0K [0x00000000c0000000, 0x00000000c5580000, 0x00000000eab00000)
  object space 87552K, 0% used [0x00000000c0000000,0x00000000c0000000,0x00000000c5580000)
 Metaspace       used 2174K, capacity 4480K, committed 4480K, reserved 1056768K
  class space    used 236K, capacity 384K, committed 384K, reserved 1048576K

Card table byte_map: [0x0000000012550000,0x0000000012760000] byte_map_base: 0x0000000011f50000

Marking Bits: (ParMarkBitMap*) 0x0000000057ed4040
 Begin Bits: [0x0000000012cc0000, 0x0000000013cc0000)
 End Bits:   [0x0000000013cc0000, 0x0000000014cc0000)

Polling page: 0x00000000012e0000

CodeCache: size=245760Kb used=1024Kb max_used=1024Kb free=244736Kb
 bounds [0x0000000003190000, 0x0000000003400000, 0x0000000012190000]
 total_blobs=216 nmethods=0 adapters=131
 compilation: enabled

Compilation events (0 events):
No events

GC Heap History (0 events):
No events

Deoptimization events (0 events):
No events

Internal exceptions (2 events):
Event: 0.076 Thread 0x0000000002cae000 Exception <a 'java/lang/NoSuchMethodError': Method sun.misc.Unsafe.defineClass(Ljava/lang/String;[BII)Ljava/lang/Class; name or signature does not match> (0x00000000eab12f08) thrown at [C:\re\workspace\8-2-build-windows-amd64-cygwin\jdk8u51\3951\hotspot\sr 
Event: 0.076 Thread 0x0000000002cae000 Exception <a 'java/lang/NoSuchMethodError': Method sun.misc.Unsafe.prefetchRead(Ljava/lang/Object;J)V name or signature does not match> (0x00000000eab13198) thrown at [C:\re\workspace\8-2-build-windows-amd64-cygwin\jdk8u51\3951\hotspot\src\share\vm\prims\j

Events (10 events):
Event: 0.179 loading class sun/misc/Launcher$AppClassLoader$1
Event: 0.179 loading class sun/misc/Launcher$AppClassLoader$1 done
Event: 0.180 loading class java/lang/SystemClassLoaderAction
Event: 0.181 loading class java/lang/SystemClassLoaderAction done
Event: 0.181 Thread 0x0000000016d13800 Thread added: 0x0000000016d13800
Event: 0.181 Thread 0x000000001586f000 Thread added: 0x000000001586f000
Event: 0.181 Thread 0x0000000015870800 Thread added: 0x0000000015870800
Event: 0.182 Thread 0x000000001587d000 Thread added: 0x000000001587d000
Event: 0.189 Thread 0x00000000158be800 Thread added: 0x00000000158be800
Event: 0.198 loading class java/lang/invoke/MethodHandleImpl


Dynamic libraries:
0x00007ff76b480000 - 0x00007ff76b4b7000 	C:\Program Files\Java\jdk1.8.0_51\bin\java.exe
0x00007ffb1a470000 - 0x00007ffb1a64b000 	C:\WINDOWS\SYSTEM32\ntdll.dll
0x00007ffb19ea0000 - 0x00007ffb19f4e000 	C:\WINDOWS\System32\KERNEL32.DLL
0x00007ffb16be0000 - 0x00007ffb16e29000 	C:\WINDOWS\System32\KERNELBASE.dll
0x00007ffb17bc0000 - 0x00007ffb17c61000 	C:\WINDOWS\System32\ADVAPI32.dll
0x00007ffb19bf0000 - 0x00007ffb19c8d000 	C:\WINDOWS\System32\msvcrt.dll
0x00007ffb1a1d0000 - 0x00007ffb1a229000 	C:\WINDOWS\System32\sechost.dll
0x00007ffb17a80000 - 0x00007ffb17ba5000 	C:\WINDOWS\System32\RPCRT4.dll
0x00007ffb1a320000 - 0x00007ffb1a46a000 	C:\WINDOWS\System32\USER32.dll
0x00007ffb16e30000 - 0x00007ffb16e4e000 	C:\WINDOWS\System32\win32u.dll
0x00007ffb195d0000 - 0x00007ffb195f7000 	C:\WINDOWS\System32\GDI32.dll
0x00007ffb16e50000 - 0x00007ffb16fd7000 	C:\WINDOWS\System32\gdi32full.dll
0x00007ffb16990000 - 0x00007ffb16a2a000 	C:\WINDOWS\System32\msvcp_win.dll
0x00007ffb16a30000 - 0x00007ffb16b26000 	C:\WINDOWS\System32\ucrtbase.dll
0x00007ffb0a270000 - 0x00007ffb0a4d7000 	C:\WINDOWS\WinSxS\amd64_microsoft.windows.common-controls_6595b64144ccf1df_6.0.15063.483_none_26002d27e7c744a2\COMCTL32.dll
0x00007ffb192b0000 - 0x00007ffb195a9000 	C:\WINDOWS\System32\combase.dll
0x00007ffb17960000 - 0x00007ffb179ca000 	C:\WINDOWS\System32\bcryptPrimitives.dll
0x00007ffb17e40000 - 0x00007ffb17e6d000 	C:\WINDOWS\System32\IMM32.DLL
0x0000000057f60000 - 0x0000000058032000 	C:\Program Files\Java\jdk1.8.0_51\jre\bin\msvcr100.dll
0x00000000576d0000 - 0x0000000057f53000 	C:\Program Files\Java\jdk1.8.0_51\jre\bin\server\jvm.dll
0x00007ffb1a0c0000 - 0x00007ffb1a0c8000 	C:\WINDOWS\System32\PSAPI.DLL
0x00007ffb09ca0000 - 0x00007ffb09ca9000 	C:\WINDOWS\SYSTEM32\WSOCK32.dll
0x00007ffb1a230000 - 0x00007ffb1a29c000 	C:\WINDOWS\System32\WS2_32.dll
0x00007ffb13dd0000 - 0x00007ffb13df3000 	C:\WINDOWS\SYSTEM32\WINMM.dll
0x00007ffb12b40000 - 0x00007ffb12b4a000 	C:\WINDOWS\SYSTEM32\VERSION.dll
0x00007ffb13d80000 - 0x00007ffb13dab000 	C:\WINDOWS\SYSTEM32\WINMMBASE.dll
0x00007ffb16b90000 - 0x00007ffb16bd9000 	C:\WINDOWS\System32\cfgmgr32.dll
0x00000000576c0000 - 0x00000000576cf000 	C:\Program Files\Java\jdk1.8.0_51\jre\bin\verify.dll
0x0000000057690000 - 0x00000000576b9000 	C:\Program Files\Java\jdk1.8.0_51\jre\bin\java.dll
0x0000000057670000 - 0x0000000057686000 	C:\Program Files\Java\jdk1.8.0_51\jre\bin\zip.dll
0x00007ffb17e70000 - 0x00007ffb192a6000 	C:\WINDOWS\System32\SHELL32.dll
0x00007ffb179d0000 - 0x00007ffb17a7a000 	C:\WINDOWS\System32\shcore.dll
0x00007ffb17090000 - 0x00007ffb17781000 	C:\WINDOWS\System32\windows.storage.dll
0x00007ffb17cd0000 - 0x00007ffb17d21000 	C:\WINDOWS\System32\shlwapi.dll
0x00007ffb16970000 - 0x00007ffb16981000 	C:\WINDOWS\System32\kernel.appcore.dll
0x00007ffb16900000 - 0x00007ffb1694c000 	C:\WINDOWS\System32\powrprof.dll
0x00007ffb168e0000 - 0x00007ffb168f5000 	C:\WINDOWS\System32\profapi.dll
0x00007ffb07370000 - 0x00007ffb07519000 	C:\WINDOWS\SYSTEM32\dbghelp.dll

VM Arguments:
jvm_args: -Djava.awt.headless=true -Xmx1024M -Dfile.encoding=GBK -Duser.country=CN -Duser.language=zh -Duser.variant 
java_command: com.android.dx.command.Main --dex --force-jumbo --num-threads=4 --multi-dex --output D:\Android\AndroidStudioProjects\GestureLanucher\mobile\build\intermediates\transforms\dex\debug\folders\1000\10000\instant-run-bootstrap_fa580b0a007d1b76990b659a660b3ee8cd15fd53 D:\Android\AndroidStudioProjects\GestureLanucher\mobile\build\intermediates\incremental-classes\debug\instant-run-bootstrap.jar
java_class_path (initial): D:\Android\sdk\build-tools\26.0.1\lib\dx.jar
Launcher Type: SUN_STANDARD

Environment Variables:
JAVA_HOME=C:\Program Files\Java\jdk1.8.0_51
CLASSPATH=.;C:\Program Files\Java\jdk1.8.0_51\lib\dt.jar;C:\Program Files\Java\jdk1.8.0_51\lib\tools.jar;
PATH=D:\MentorGraphics\9.5PADS\SDD_HOME\common\win32\bin;D:\MentorGraphics\9.5PADS\SDD_HOME\common\win32\lib;D:\MentorGraphics\9.5PADS\MGC_HOME.ixn\bin;D:\MentorGraphics\9.5PADS\MGC_HOME.ixn\lib;C:\WINDOWS\system32;C:\WINDOWS;C:\WINDOWS\System32\Wbem;C:\Program Files\Java\jdk1.8.0_51\bin;C:\Users\×Óºã\AppData\Local\Programs\Python\Python36\Scripts\;C:\Users\×Óºã\AppData\Local\Programs\Python\Python36\;C:\Program Files\Intel\WiFi\bin\;C:\Program Files\Common Files\Intel\WirelessCommon\;C:\Users\×Óºã\AppData\Local\Microsoft\WindowsApps;D:\MentorGraphics\9.5PADS\SDD_HOME\common\win32\lib;
USERNAME=×Óºã
OS=Windows_NT
PROCESSOR_IDENTIFIER=Intel64 Family 6 Model 58 Stepping 9, GenuineIntel



---------------  S Y S T E M  ---------------

OS: Windows 10.0 , 64 bit Build 15063 (10.0.15063.296)

CPU:total 4 (2 cores per cpu, 2 threads per core) family 6 model 58 stepping 9, cmov, cx8, fxsr, mmx, sse, sse2, sse3, ssse3, sse4.1, sse4.2, popcnt, avx, aes, clmul, erms, ht, tsc, tscinvbit, tscinv

Memory: 4k page, physical 8285464k(978860k free), swap 12479768k(138596k free)

vm_info: Java HotSpot(TM) 64-Bit Server VM (25.51-b03) for windows-amd64 JRE (1.8.0_51-b16), built on Jun  8 2015 18:03:07 by "java_re" with MS VC++ 10.0 (VS2010)

time: Sat Oct 14 19:26:13 2017
elapsed time: 0 seconds (0d 0h 0m 0s)

